{"/home/corys/dev/sentinel/src/cli/commands/scan.ts": {"path":"/home/corys/dev/sentinel/src/cli/commands/scan.ts","statementMap":{"0":{"start":{"line":25,"column":32},"end":{"line":30,"column":null}},"1":{"start":{"line":32,"column":8},"end":{"line":32,"column":null}},"2":{"start":{"line":34,"column":15},"end":{"line":50,"column":null}},"3":{"start":{"line":42,"column":6},"end":{"line":44,"column":null}},"4":{"start":{"line":43,"column":8},"end":{"line":43,"column":null}},"5":{"start":{"line":45,"column":6},"end":{"line":47,"column":null}},"6":{"start":{"line":46,"column":8},"end":{"line":46,"column":null}},"7":{"start":{"line":48,"column":6},"end":{"line":48,"column":null}},"8":{"start":{"line":52,"column":8},"end":{"line":52,"column":null}},"9":{"start":{"line":54,"column":20},"end":{"line":57,"column":null}},"10":{"start":{"line":59,"column":20},"end":{"line":59,"column":null}},"11":{"start":{"line":61,"column":14},"end":{"line":61,"column":null}},"12":{"start":{"line":63,"column":2},"end":{"line":65,"column":null}},"13":{"start":{"line":64,"column":4},"end":{"line":64,"column":null}},"14":{"start":{"line":67,"column":8},"end":{"line":67,"column":null}},"15":{"start":{"line":69,"column":17},"end":{"line":80,"column":null}},"16":{"start":{"line":82,"column":18},"end":{"line":82,"column":null}},"17":{"start":{"line":82,"column":46},"end":{"line":82,"column":96}},"18":{"start":{"line":83,"column":2},"end":{"line":83,"column":null}}},"fnMap":{"0":{"name":"scanCommand","decl":{"start":{"line":21,"column":22},"end":{"line":21,"column":34}},"loc":{"start":{"line":24,"column":3},"end":{"line":84,"column":null}},"line":24},"1":{"name":"(anonymous_1)","decl":{"start":{"line":41,"column":4},"end":{"line":41,"column":22}},"loc":{"start":{"line":41,"column":22},"end":{"line":49,"column":null}},"line":41},"2":{"name":"(anonymous_2)","decl":{"start":{"line":82,"column":34},"end":{"line":82,"column":40}},"loc":{"start":{"line":82,"column":46},"end":{"line":82,"column":96}},"line":82}},"branchMap":{"0":{"loc":{"start":{"line":26,"column":8},"end":{"line":26,"column":null}},"type":"cond-expr","locations":[{"start":{"line":26,"column":36},"end":{"line":26,"column":66}},{"start":{"line":26,"column":66},"end":{"line":26,"column":null}}],"line":26},"1":{"loc":{"start":{"line":27,"column":8},"end":{"line":27,"column":null}},"type":"cond-expr","locations":[{"start":{"line":27,"column":37},"end":{"line":27,"column":65}},{"start":{"line":27,"column":65},"end":{"line":27,"column":null}}],"line":27},"2":{"loc":{"start":{"line":28,"column":8},"end":{"line":28,"column":null}},"type":"cond-expr","locations":[{"start":{"line":28,"column":37},"end":{"line":28,"column":65}},{"start":{"line":28,"column":65},"end":{"line":28,"column":null}}],"line":28},"3":{"loc":{"start":{"line":42,"column":6},"end":{"line":44,"column":null}},"type":"if","locations":[{"start":{"line":42,"column":6},"end":{"line":44,"column":null}},{"start":{},"end":{}}],"line":42},"4":{"loc":{"start":{"line":42,"column":10},"end":{"line":42,"column":68}},"type":"binary-expr","locations":[{"start":{"line":42,"column":10},"end":{"line":42,"column":43}},{"start":{"line":42,"column":43},"end":{"line":42,"column":68}}],"line":42},"5":{"loc":{"start":{"line":45,"column":6},"end":{"line":47,"column":null}},"type":"if","locations":[{"start":{"line":45,"column":6},"end":{"line":47,"column":null}},{"start":{},"end":{}}],"line":45},"6":{"loc":{"start":{"line":45,"column":10},"end":{"line":45,"column":96}},"type":"binary-expr","locations":[{"start":{"line":45,"column":10},"end":{"line":45,"column":43}},{"start":{"line":45,"column":43},"end":{"line":45,"column":71}},{"start":{"line":45,"column":71},"end":{"line":45,"column":96}}],"line":45},"7":{"loc":{"start":{"line":55,"column":8},"end":{"line":55,"column":null}},"type":"cond-expr","locations":[{"start":{"line":55,"column":29},"end":{"line":55,"column":48}},{"start":{"line":55,"column":48},"end":{"line":55,"column":null}}],"line":55},"8":{"loc":{"start":{"line":56,"column":8},"end":{"line":56,"column":null}},"type":"cond-expr","locations":[{"start":{"line":56,"column":33},"end":{"line":56,"column":56}},{"start":{"line":56,"column":56},"end":{"line":56,"column":null}}],"line":56},"9":{"loc":{"start":{"line":59,"column":20},"end":{"line":59,"column":null}},"type":"binary-expr","locations":[{"start":{"line":59,"column":20},"end":{"line":59,"column":32}},{"start":{"line":59,"column":32},"end":{"line":59,"column":null}}],"line":59},"10":{"loc":{"start":{"line":61,"column":14},"end":{"line":61,"column":null}},"type":"cond-expr","locations":[{"start":{"line":61,"column":38},"end":{"line":61,"column":81}},{"start":{"line":61,"column":81},"end":{"line":61,"column":null}}],"line":61},"11":{"loc":{"start":{"line":63,"column":2},"end":{"line":65,"column":null}},"type":"if","locations":[{"start":{"line":63,"column":2},"end":{"line":65,"column":null}},{"start":{},"end":{}}],"line":63},"12":{"loc":{"start":{"line":67,"column":58},"end":{"line":67,"column":78}},"type":"cond-expr","locations":[{"start":{"line":67,"column":64},"end":{"line":67,"column":74}},{"start":{"line":67,"column":74},"end":{"line":67,"column":78}}],"line":67},"13":{"loc":{"start":{"line":72,"column":56},"end":{"line":72,"column":76}},"type":"cond-expr","locations":[{"start":{"line":72,"column":62},"end":{"line":72,"column":72}},{"start":{"line":72,"column":72},"end":{"line":72,"column":76}}],"line":72},"14":{"loc":{"start":{"line":82,"column":46},"end":{"line":82,"column":96}},"type":"binary-expr","locations":[{"start":{"line":82,"column":46},"end":{"line":82,"column":71}},{"start":{"line":82,"column":71},"end":{"line":82,"column":96}}],"line":82},"15":{"loc":{"start":{"line":83,"column":21},"end":{"line":83,"column":38}},"type":"cond-expr","locations":[{"start":{"line":83,"column":31},"end":{"line":83,"column":35}},{"start":{"line":83,"column":35},"end":{"line":83,"column":38}}],"line":83}},"s":{"0":1,"1":1,"2":1,"3":16,"4":0,"5":16,"6":0,"7":16,"8":1,"9":1,"10":1,"11":1,"12":1,"13":0,"14":1,"15":1,"16":1,"17":7,"18":1},"f":{"0":1,"1":16,"2":7},"b":{"0":[1,0],"1":[0,1],"2":[1,0],"3":[0,16],"4":[16,0],"5":[0,16],"6":[16,0,0],"7":[1,0],"8":[1,0],"9":[1,0],"10":[0,1],"11":[0,1],"12":[0,1],"13":[0,1],"14":[7,7],"15":[0,1]},"meta":{"lastBranch":16,"lastFunction":3,"lastStatement":19,"seen":{"f:21:22:21:34":0,"s:25:32:30:Infinity":0,"b:26:36:26:66:26:66:26:Infinity":0,"b:27:37:27:65:27:65:27:Infinity":1,"b:28:37:28:65:28:65:28:Infinity":2,"s:32:8:32:Infinity":1,"s:34:15:50:Infinity":2,"f:41:4:41:22":1,"b:42:6:44:Infinity:undefined:undefined:undefined:undefined":3,"s:42:6:44:Infinity":3,"b:42:10:42:43:42:43:42:68":4,"s:43:8:43:Infinity":4,"b:45:6:47:Infinity:undefined:undefined:undefined:undefined":5,"s:45:6:47:Infinity":5,"b:45:10:45:43:45:43:45:71:45:71:45:96":6,"s:46:8:46:Infinity":6,"s:48:6:48:Infinity":7,"s:52:8:52:Infinity":8,"s:54:20:57:Infinity":9,"b:55:29:55:48:55:48:55:Infinity":7,"b:56:33:56:56:56:56:56:Infinity":8,"s:59:20:59:Infinity":10,"b:59:20:59:32:59:32:59:Infinity":9,"s:61:14:61:Infinity":11,"b:61:38:61:81:61:81:61:Infinity":10,"b:63:2:65:Infinity:undefined:undefined:undefined:undefined":11,"s:63:2:65:Infinity":12,"s:64:4:64:Infinity":13,"s:67:8:67:Infinity":14,"b:67:64:67:74:67:74:67:78":12,"s:69:17:80:Infinity":15,"b:72:62:72:72:72:72:72:76":13,"s:82:18:82:Infinity":16,"f:82:34:82:40":2,"s:82:46:82:96":17,"b:82:46:82:71:82:71:82:96":14,"s:83:2:83:Infinity":18,"b:83:31:83:35:83:35:83:38":15},"fnNames":{}}}
,"/home/corys/dev/sentinel/src/config/env.ts": {"path":"/home/corys/dev/sentinel/src/config/env.ts","statementMap":{"0":{"start":{"line":1,"column":20},"end":{"line":1,"column":null}},"1":{"start":{"line":8,"column":2},"end":{"line":18,"column":null}},"2":{"start":{"line":9,"column":14},"end":{"line":9,"column":null}},"3":{"start":{"line":10,"column":4},"end":{"line":10,"column":null}},"4":{"start":{"line":10,"column":12},"end":{"line":10,"column":null}},"5":{"start":{"line":12,"column":16},"end":{"line":12,"column":null}},"6":{"start":{"line":13,"column":19},"end":{"line":13,"column":null}},"7":{"start":{"line":14,"column":4},"end":{"line":16,"column":null}},"8":{"start":{"line":15,"column":6},"end":{"line":15,"column":null}},"9":{"start":{"line":17,"column":4},"end":{"line":17,"column":null}},"10":{"start":{"line":20,"column":2},"end":{"line":22,"column":null}},"11":{"start":{"line":21,"column":4},"end":{"line":21,"column":null}},"12":{"start":{"line":24,"column":2},"end":{"line":31,"column":null}},"13":{"start":{"line":25,"column":4},"end":{"line":30,"column":null}},"14":{"start":{"line":26,"column":71},"end":{"line":29,"column":7}},"15":{"start":{"line":33,"column":2},"end":{"line":33,"column":null}}},"fnMap":{"0":{"name":"expandEnvPlaceholders","decl":{"start":{"line":7,"column":16},"end":{"line":7,"column":38}},"loc":{"start":{"line":7,"column":63},"end":{"line":34,"column":null}},"line":7},"1":{"name":"(anonymous_1)","decl":{"start":{"line":26,"column":55},"end":{"line":26,"column":60}},"loc":{"start":{"line":26,"column":71},"end":{"line":29,"column":7}},"line":26}},"branchMap":{"0":{"loc":{"start":{"line":8,"column":2},"end":{"line":18,"column":null}},"type":"if","locations":[{"start":{"line":8,"column":2},"end":{"line":18,"column":null}},{"start":{},"end":{}}],"line":8},"1":{"loc":{"start":{"line":10,"column":4},"end":{"line":10,"column":null}},"type":"if","locations":[{"start":{"line":10,"column":4},"end":{"line":10,"column":null}},{"start":{},"end":{}}],"line":10},"2":{"loc":{"start":{"line":14,"column":4},"end":{"line":16,"column":null}},"type":"if","locations":[{"start":{"line":14,"column":4},"end":{"line":16,"column":null}},{"start":{},"end":{}}],"line":14},"3":{"loc":{"start":{"line":20,"column":2},"end":{"line":22,"column":null}},"type":"if","locations":[{"start":{"line":20,"column":2},"end":{"line":22,"column":null}},{"start":{},"end":{}}],"line":20},"4":{"loc":{"start":{"line":24,"column":2},"end":{"line":31,"column":null}},"type":"if","locations":[{"start":{"line":24,"column":2},"end":{"line":31,"column":null}},{"start":{},"end":{}}],"line":24},"5":{"loc":{"start":{"line":24,"column":6},"end":{"line":24,"column":42}},"type":"binary-expr","locations":[{"start":{"line":24,"column":6},"end":{"line":24,"column":15}},{"start":{"line":24,"column":15},"end":{"line":24,"column":42}}],"line":24}},"s":{"0":3,"1":33,"2":14,"3":14,"4":12,"5":2,"6":2,"7":2,"8":1,"9":1,"10":19,"11":0,"12":19,"13":16,"14":27,"15":3},"f":{"0":33,"1":27},"b":{"0":[14,19],"1":[12,2],"2":[1,1],"3":[0,19],"4":[16,3],"5":[19,17]},"meta":{"lastBranch":6,"lastFunction":2,"lastStatement":16,"seen":{"s:1:20:1:Infinity":0,"f:7:16:7:38":0,"b:8:2:18:Infinity:undefined:undefined:undefined:undefined":0,"s:8:2:18:Infinity":1,"s:9:14:9:Infinity":2,"b:10:4:10:Infinity:undefined:undefined:undefined:undefined":1,"s:10:4:10:Infinity":3,"s:10:12:10:Infinity":4,"s:12:16:12:Infinity":5,"s:13:19:13:Infinity":6,"b:14:4:16:Infinity:undefined:undefined:undefined:undefined":2,"s:14:4:16:Infinity":7,"s:15:6:15:Infinity":8,"s:17:4:17:Infinity":9,"b:20:2:22:Infinity:undefined:undefined:undefined:undefined":3,"s:20:2:22:Infinity":10,"s:21:4:21:Infinity":11,"b:24:2:31:Infinity:undefined:undefined:undefined:undefined":4,"s:24:2:31:Infinity":12,"b:24:6:24:15:24:15:24:42":5,"s:25:4:30:Infinity":13,"f:26:55:26:60":1,"s:26:71:29:7":14,"s:33:2:33:Infinity":15},"fnNames":{}}}
,"/home/corys/dev/sentinel/src/config/load.ts": {"path":"/home/corys/dev/sentinel/src/config/load.ts","statementMap":{"0":{"start":{"line":14,"column":2},"end":{"line":14,"column":null}},"1":{"start":{"line":14,"column":25},"end":{"line":14,"column":null}},"2":{"start":{"line":15,"column":14},"end":{"line":15,"column":null}},"3":{"start":{"line":16,"column":2},"end":{"line":16,"column":null}},"4":{"start":{"line":20,"column":16},"end":{"line":20,"column":null}},"5":{"start":{"line":21,"column":2},"end":{"line":21,"column":null}},"6":{"start":{"line":21,"column":30},"end":{"line":21,"column":null}},"7":{"start":{"line":22,"column":2},"end":{"line":22,"column":null}},"8":{"start":{"line":22,"column":28},"end":{"line":22,"column":null}},"9":{"start":{"line":23,"column":2},"end":{"line":23,"column":null}},"10":{"start":{"line":23,"column":30},"end":{"line":23,"column":null}},"11":{"start":{"line":24,"column":2},"end":{"line":24,"column":null}},"12":{"start":{"line":31,"column":22},"end":{"line":31,"column":null}},"13":{"start":{"line":32,"column":19},"end":{"line":32,"column":null}},"14":{"start":{"line":34,"column":19},"end":{"line":34,"column":null}},"15":{"start":{"line":35,"column":8},"end":{"line":35,"column":null}},"16":{"start":{"line":36,"column":17},"end":{"line":44,"column":null}},"17":{"start":{"line":46,"column":17},"end":{"line":46,"column":null}},"18":{"start":{"line":47,"column":2},"end":{"line":50,"column":null}},"19":{"start":{"line":48,"column":19},"end":{"line":48,"column":null}},"20":{"start":{"line":48,"column":50},"end":{"line":48,"column":85}},"21":{"start":{"line":49,"column":4},"end":{"line":49,"column":null}},"22":{"start":{"line":52,"column":2},"end":{"line":52,"column":null}}},"fnMap":{"0":{"name":"readJsonIfExists","decl":{"start":{"line":13,"column":9},"end":{"line":13,"column":26}},"loc":{"start":{"line":13,"column":58},"end":{"line":17,"column":null}},"line":13},"1":{"name":"sanitizeConfigForReport","decl":{"start":{"line":19,"column":9},"end":{"line":19,"column":33}},"loc":{"start":{"line":19,"column":79},"end":{"line":25,"column":null}},"line":19},"2":{"name":"loadConfig","decl":{"start":{"line":27,"column":22},"end":{"line":27,"column":33}},"loc":{"start":{"line":30,"column":3},"end":{"line":53,"column":null}},"line":30},"3":{"name":"(anonymous_3)","decl":{"start":{"line":48,"column":39},"end":{"line":48,"column":44}},"loc":{"start":{"line":48,"column":50},"end":{"line":48,"column":85}},"line":48}},"branchMap":{"0":{"loc":{"start":{"line":14,"column":2},"end":{"line":14,"column":null}},"type":"if","locations":[{"start":{"line":14,"column":2},"end":{"line":14,"column":null}},{"start":{},"end":{}}],"line":14},"1":{"loc":{"start":{"line":21,"column":2},"end":{"line":21,"column":null}},"type":"if","locations":[{"start":{"line":21,"column":2},"end":{"line":21,"column":null}},{"start":{},"end":{}}],"line":21},"2":{"loc":{"start":{"line":22,"column":2},"end":{"line":22,"column":null}},"type":"if","locations":[{"start":{"line":22,"column":2},"end":{"line":22,"column":null}},{"start":{},"end":{}}],"line":22},"3":{"loc":{"start":{"line":23,"column":2},"end":{"line":23,"column":null}},"type":"if","locations":[{"start":{"line":23,"column":2},"end":{"line":23,"column":null}},{"start":{},"end":{}}],"line":23},"4":{"loc":{"start":{"line":32,"column":47},"end":{"line":32,"column":77}},"type":"binary-expr","locations":[{"start":{"line":32,"column":47},"end":{"line":32,"column":66}},{"start":{"line":32,"column":66},"end":{"line":32,"column":77}}],"line":32},"5":{"loc":{"start":{"line":34,"column":19},"end":{"line":34,"column":null}},"type":"binary-expr","locations":[{"start":{"line":34,"column":19},"end":{"line":34,"column":49}},{"start":{"line":34,"column":49},"end":{"line":34,"column":null}}],"line":34},"6":{"loc":{"start":{"line":39,"column":10},"end":{"line":39,"column":null}},"type":"cond-expr","locations":[{"start":{"line":39,"column":60},"end":{"line":39,"column":88}},{"start":{"line":39,"column":88},"end":{"line":39,"column":null}}],"line":39},"7":{"loc":{"start":{"line":40,"column":10},"end":{"line":40,"column":null}},"type":"cond-expr","locations":[{"start":{"line":40,"column":25},"end":{"line":40,"column":53}},{"start":{"line":40,"column":53},"end":{"line":40,"column":null}}],"line":40},"8":{"loc":{"start":{"line":41,"column":10},"end":{"line":41,"column":null}},"type":"cond-expr","locations":[{"start":{"line":41,"column":25},"end":{"line":41,"column":53}},{"start":{"line":41,"column":53},"end":{"line":41,"column":null}}],"line":41},"9":{"loc":{"start":{"line":43,"column":8},"end":{"line":43,"column":null}},"type":"cond-expr","locations":[{"start":{"line":43,"column":44},"end":{"line":43,"column":72}},{"start":{"line":43,"column":72},"end":{"line":43,"column":null}}],"line":43},"10":{"loc":{"start":{"line":47,"column":2},"end":{"line":50,"column":null}},"type":"if","locations":[{"start":{"line":47,"column":2},"end":{"line":50,"column":null}},{"start":{},"end":{}}],"line":47}},"s":{"0":6,"1":0,"2":6,"3":6,"4":4,"5":4,"6":0,"7":4,"8":0,"9":4,"10":2,"11":4,"12":6,"13":6,"14":6,"15":6,"16":6,"17":6,"18":6,"19":1,"20":1,"21":1,"22":4},"f":{"0":6,"1":4,"2":6,"3":1},"b":{"0":[0,6],"1":[0,4],"2":[0,4],"3":[2,2],"4":[6,0],"5":[6,0],"6":[4,1],"7":[2,3],"8":[0,5],"9":[1,4],"10":[1,5]},"meta":{"lastBranch":11,"lastFunction":4,"lastStatement":23,"seen":{"f:13:9:13:26":0,"b:14:2:14:Infinity:undefined:undefined:undefined:undefined":0,"s:14:2:14:Infinity":0,"s:14:25:14:Infinity":1,"s:15:14:15:Infinity":2,"s:16:2:16:Infinity":3,"f:19:9:19:33":1,"s:20:16:20:Infinity":4,"b:21:2:21:Infinity:undefined:undefined:undefined:undefined":1,"s:21:2:21:Infinity":5,"s:21:30:21:Infinity":6,"b:22:2:22:Infinity:undefined:undefined:undefined:undefined":2,"s:22:2:22:Infinity":7,"s:22:28:22:Infinity":8,"b:23:2:23:Infinity:undefined:undefined:undefined:undefined":3,"s:23:2:23:Infinity":9,"s:23:30:23:Infinity":10,"s:24:2:24:Infinity":11,"f:27:22:27:33":2,"s:31:22:31:Infinity":12,"s:32:19:32:Infinity":13,"b:32:47:32:66:32:66:32:77":4,"s:34:19:34:Infinity":14,"b:34:19:34:49:34:49:34:Infinity":5,"s:35:8:35:Infinity":15,"s:36:17:44:Infinity":16,"b:39:60:39:88:39:88:39:Infinity":6,"b:40:25:40:53:40:53:40:Infinity":7,"b:41:25:41:53:41:53:41:Infinity":8,"b:43:44:43:72:43:72:43:Infinity":9,"s:46:17:46:Infinity":17,"b:47:2:50:Infinity:undefined:undefined:undefined:undefined":10,"s:47:2:50:Infinity":18,"s:48:19:48:Infinity":19,"f:48:39:48:44":3,"s:48:50:48:85":20,"s:49:4:49:Infinity":21,"s:52:2:52:Infinity":22},"fnNames":{}}}
,"/home/corys/dev/sentinel/src/config/schema.ts": {"path":"/home/corys/dev/sentinel/src/config/schema.ts","statementMap":{"0":{"start":{"line":3,"column":19},"end":{"line":15,"column":null}},"1":{"start":{"line":17,"column":21},"end":{"line":23,"column":null}},"2":{"start":{"line":25,"column":24},"end":{"line":30,"column":null}},"3":{"start":{"line":32,"column":30},"end":{"line":39,"column":null}},"4":{"start":{"line":41,"column":20},"end":{"line":56,"column":null}},"5":{"start":{"line":58,"column":36},"end":{"line":86,"column":null}}},"fnMap":{},"branchMap":{},"s":{"0":3,"1":3,"2":3,"3":3,"4":3,"5":3},"f":{},"b":{},"meta":{"lastBranch":0,"lastFunction":0,"lastStatement":6,"seen":{"s:3:19:15:Infinity":0,"s:17:21:23:Infinity":1,"s:25:24:30:Infinity":2,"s:32:30:39:Infinity":3,"s:41:20:56:Infinity":4,"s:58:36:86:Infinity":5},"fnNames":{}}}
,"/home/corys/dev/sentinel/src/core/endpoints.ts": {"path":"/home/corys/dev/sentinel/src/core/endpoints.ts","statementMap":{"0":{"start":{"line":18,"column":2},"end":{"line":18,"column":null}},"1":{"start":{"line":22,"column":2},"end":{"line":22,"column":null}},"2":{"start":{"line":22,"column":32},"end":{"line":22,"column":51}},"3":{"start":{"line":22,"column":64},"end":{"line":22,"column":77}},"4":{"start":{"line":26,"column":2},"end":{"line":26,"column":null}},"5":{"start":{"line":26,"column":25},"end":{"line":26,"column":38}},"6":{"start":{"line":30,"column":19},"end":{"line":30,"column":null}},"7":{"start":{"line":31,"column":2},"end":{"line":31,"column":null}},"8":{"start":{"line":31,"column":55},"end":{"line":31,"column":null}},"9":{"start":{"line":32,"column":15},"end":{"line":32,"column":null}},"10":{"start":{"line":33,"column":2},"end":{"line":33,"column":null}},"11":{"start":{"line":33,"column":31},"end":{"line":33,"column":null}},"12":{"start":{"line":34,"column":2},"end":{"line":39,"column":null}},"13":{"start":{"line":35,"column":4},"end":{"line":35,"column":null}},"14":{"start":{"line":38,"column":4},"end":{"line":38,"column":null}},"15":{"start":{"line":43,"column":15},"end":{"line":43,"column":null}},"16":{"start":{"line":44,"column":29},"end":{"line":44,"column":null}},"17":{"start":{"line":45,"column":2},"end":{"line":52,"column":null}},"18":{"start":{"line":46,"column":19},"end":{"line":46,"column":null}},"19":{"start":{"line":47,"column":17},"end":{"line":47,"column":null}},"20":{"start":{"line":48,"column":16},"end":{"line":48,"column":null}},"21":{"start":{"line":49,"column":4},"end":{"line":49,"column":null}},"22":{"start":{"line":49,"column":23},"end":{"line":49,"column":null}},"23":{"start":{"line":50,"column":4},"end":{"line":50,"column":null}},"24":{"start":{"line":51,"column":4},"end":{"line":51,"column":null}},"25":{"start":{"line":53,"column":2},"end":{"line":53,"column":null}},"26":{"start":{"line":60,"column":26},"end":{"line":60,"column":null}},"27":{"start":{"line":62,"column":2},"end":{"line":64,"column":null}},"28":{"start":{"line":63,"column":4},"end":{"line":63,"column":null}},"29":{"start":{"line":66,"column":25},"end":{"line":66,"column":null}},"30":{"start":{"line":66,"column":65},"end":{"line":66,"column":80}},"31":{"start":{"line":67,"column":18},"end":{"line":67,"column":null}},"32":{"start":{"line":68,"column":18},"end":{"line":68,"column":null}},"33":{"start":{"line":69,"column":17},"end":{"line":69,"column":null}},"34":{"start":{"line":71,"column":19},"end":{"line":71,"column":null}},"35":{"start":{"line":73,"column":14},"end":{"line":73,"column":null}},"36":{"start":{"line":75,"column":17},"end":{"line":75,"column":null}},"37":{"start":{"line":75,"column":35},"end":{"line":75,"column":63}},"38":{"start":{"line":77,"column":2},"end":{"line":79,"column":null}},"39":{"start":{"line":78,"column":4},"end":{"line":78,"column":null}},"40":{"start":{"line":78,"column":38},"end":{"line":78,"column":65}},"41":{"start":{"line":80,"column":2},"end":{"line":82,"column":null}},"42":{"start":{"line":81,"column":4},"end":{"line":81,"column":null}},"43":{"start":{"line":81,"column":38},"end":{"line":81,"column":66}},"44":{"start":{"line":84,"column":2},"end":{"line":94,"column":null}},"45":{"start":{"line":85,"column":15},"end":{"line":85,"column":null}},"46":{"start":{"line":86,"column":15},"end":{"line":86,"column":null}},"47":{"start":{"line":87,"column":4},"end":{"line":87,"column":null}},"48":{"start":{"line":87,"column":19},"end":{"line":87,"column":null}},"49":{"start":{"line":89,"column":4},"end":{"line":89,"column":null}},"50":{"start":{"line":89,"column":41},"end":{"line":89,"column":null}},"51":{"start":{"line":91,"column":17},"end":{"line":91,"column":null}},"52":{"start":{"line":92,"column":17},"end":{"line":92,"column":null}},"53":{"start":{"line":93,"column":4},"end":{"line":93,"column":null}},"54":{"start":{"line":96,"column":14},"end":{"line":96,"column":null}},"55":{"start":{"line":97,"column":19},"end":{"line":97,"column":null}},"56":{"start":{"line":99,"column":2},"end":{"line":99,"column":null}},"57":{"start":{"line":99,"column":29},"end":{"line":99,"column":null}},"58":{"start":{"line":101,"column":2},"end":{"line":101,"column":null}}},"fnMap":{"0":{"name":"resolveEndpoints","decl":{"start":{"line":17,"column":16},"end":{"line":17,"column":33}},"loc":{"start":{"line":17,"column":96},"end":{"line":19,"column":null}},"line":17},"1":{"name":"compileRegexes","decl":{"start":{"line":21,"column":9},"end":{"line":21,"column":24}},"loc":{"start":{"line":21,"column":54},"end":{"line":23,"column":null}},"line":21},"2":{"name":"(anonymous_2)","decl":{"start":{"line":22,"column":18},"end":{"line":22,"column":26}},"loc":{"start":{"line":22,"column":32},"end":{"line":22,"column":51}},"line":22},"3":{"name":"(anonymous_3)","decl":{"start":{"line":22,"column":53},"end":{"line":22,"column":58}},"loc":{"start":{"line":22,"column":64},"end":{"line":22,"column":77}},"line":22},"4":{"name":"matchesAny","decl":{"start":{"line":25,"column":9},"end":{"line":25,"column":20}},"loc":{"start":{"line":25,"column":59},"end":{"line":27,"column":null}},"line":25},"5":{"name":"(anonymous_5)","decl":{"start":{"line":26,"column":13},"end":{"line":26,"column":19}},"loc":{"start":{"line":26,"column":25},"end":{"line":26,"column":38}},"line":26},"6":{"name":"extractBasePath","decl":{"start":{"line":29,"column":9},"end":{"line":29,"column":25}},"loc":{"start":{"line":29,"column":53},"end":{"line":40,"column":null}},"line":29},"7":{"name":"normalizeEndpoints","decl":{"start":{"line":42,"column":9},"end":{"line":42,"column":28}},"loc":{"start":{"line":42,"column":87},"end":{"line":54,"column":null}},"line":42},"8":{"name":"selectEndpoints","decl":{"start":{"line":56,"column":16},"end":{"line":56,"column":32}},"loc":{"start":{"line":59,"column":23},"end":{"line":102,"column":null}},"line":59},"9":{"name":"(anonymous_9)","decl":{"start":{"line":66,"column":54},"end":{"line":66,"column":59}},"loc":{"start":{"line":66,"column":65},"end":{"line":66,"column":80}},"line":66},"10":{"name":"(anonymous_10)","decl":{"start":{"line":75,"column":21},"end":{"line":75,"column":29}},"loc":{"start":{"line":75,"column":35},"end":{"line":75,"column":63}},"line":75},"11":{"name":"(anonymous_11)","decl":{"start":{"line":78,"column":24},"end":{"line":78,"column":32}},"loc":{"start":{"line":78,"column":38},"end":{"line":78,"column":65}},"line":78},"12":{"name":"(anonymous_12)","decl":{"start":{"line":81,"column":24},"end":{"line":81,"column":32}},"loc":{"start":{"line":81,"column":38},"end":{"line":81,"column":66}},"line":81},"13":{"name":"(anonymous_13)","decl":{"start":{"line":84,"column":11},"end":{"line":84,"column":17}},"loc":{"start":{"line":84,"column":26},"end":{"line":94,"column":3}},"line":84}},"branchMap":{"0":{"loc":{"start":{"line":18,"column":9},"end":{"line":18,"column":null}},"type":"cond-expr","locations":[{"start":{"line":18,"column":29},"end":{"line":18,"column":41}},{"start":{"line":18,"column":41},"end":{"line":18,"column":null}}],"line":18},"1":{"loc":{"start":{"line":31,"column":2},"end":{"line":31,"column":null}},"type":"if","locations":[{"start":{"line":31,"column":2},"end":{"line":31,"column":null}},{"start":{},"end":{}}],"line":31},"2":{"loc":{"start":{"line":31,"column":6},"end":{"line":31,"column":55}},"type":"binary-expr","locations":[{"start":{"line":31,"column":6},"end":{"line":31,"column":33}},{"start":{"line":31,"column":33},"end":{"line":31,"column":55}}],"line":31},"3":{"loc":{"start":{"line":33,"column":2},"end":{"line":33,"column":null}},"type":"if","locations":[{"start":{"line":33,"column":2},"end":{"line":33,"column":null}},{"start":{},"end":{}}],"line":33},"4":{"loc":{"start":{"line":49,"column":4},"end":{"line":49,"column":null}},"type":"if","locations":[{"start":{"line":49,"column":4},"end":{"line":49,"column":null}},{"start":{},"end":{}}],"line":49},"5":{"loc":{"start":{"line":62,"column":2},"end":{"line":64,"column":null}},"type":"if","locations":[{"start":{"line":62,"column":2},"end":{"line":64,"column":null}},{"start":{},"end":{}}],"line":62},"6":{"loc":{"start":{"line":62,"column":6},"end":{"line":62,"column":56}},"type":"binary-expr","locations":[{"start":{"line":62,"column":6},"end":{"line":62,"column":31}},{"start":{"line":62,"column":31},"end":{"line":62,"column":56}}],"line":62},"7":{"loc":{"start":{"line":77,"column":2},"end":{"line":79,"column":null}},"type":"if","locations":[{"start":{"line":77,"column":2},"end":{"line":79,"column":null}},{"start":{},"end":{}}],"line":77},"8":{"loc":{"start":{"line":80,"column":2},"end":{"line":82,"column":null}},"type":"if","locations":[{"start":{"line":80,"column":2},"end":{"line":82,"column":null}},{"start":{},"end":{}}],"line":80},"9":{"loc":{"start":{"line":85,"column":15},"end":{"line":85,"column":null}},"type":"cond-expr","locations":[{"start":{"line":85,"column":44},"end":{"line":85,"column":48}},{"start":{"line":85,"column":48},"end":{"line":85,"column":null}}],"line":85},"10":{"loc":{"start":{"line":86,"column":15},"end":{"line":86,"column":null}},"type":"cond-expr","locations":[{"start":{"line":86,"column":44},"end":{"line":86,"column":48}},{"start":{"line":86,"column":48},"end":{"line":86,"column":null}}],"line":86},"11":{"loc":{"start":{"line":87,"column":4},"end":{"line":87,"column":null}},"type":"if","locations":[{"start":{"line":87,"column":4},"end":{"line":87,"column":null}},{"start":{},"end":{}}],"line":87},"12":{"loc":{"start":{"line":89,"column":4},"end":{"line":89,"column":null}},"type":"if","locations":[{"start":{"line":89,"column":4},"end":{"line":89,"column":null}},{"start":{},"end":{}}],"line":89},"13":{"loc":{"start":{"line":99,"column":2},"end":{"line":99,"column":null}},"type":"if","locations":[{"start":{"line":99,"column":2},"end":{"line":99,"column":null}},{"start":{},"end":{}}],"line":99}},"s":{"0":24,"1":6,"2":6,"3":6,"4":15,"5":22,"6":2,"7":2,"8":2,"9":0,"10":2,"11":0,"12":0,"13":0,"14":0,"15":2,"16":2,"17":2,"18":10,"19":10,"20":10,"21":10,"22":0,"23":10,"24":10,"25":2,"26":4,"27":4,"28":2,"29":2,"30":4,"31":2,"32":2,"33":2,"34":2,"35":2,"36":2,"37":10,"38":2,"39":1,"40":4,"41":2,"42":1,"43":1,"44":2,"45":5,"46":5,"47":5,"48":3,"49":2,"50":2,"51":0,"52":0,"53":0,"54":2,"55":2,"56":2,"57":1,"58":1},"f":{"0":24,"1":6,"2":6,"3":6,"4":15,"5":22,"6":2,"7":2,"8":4,"9":4,"10":10,"11":4,"12":1,"13":5},"b":{"0":[11,13],"1":[2,0],"2":[2,0],"3":[0,2],"4":[0,10],"5":[2,2],"6":[4,2],"7":[1,1],"8":[1,1],"9":[3,2],"10":[2,3],"11":[3,2],"12":[2,0],"13":[1,1]},"meta":{"lastBranch":14,"lastFunction":14,"lastStatement":59,"seen":{"f:17:16:17:33":0,"s:18:2:18:Infinity":0,"b:18:29:18:41:18:41:18:Infinity":0,"f:21:9:21:24":1,"s:22:2:22:Infinity":1,"f:22:18:22:26":2,"s:22:32:22:51":2,"f:22:53:22:58":3,"s:22:64:22:77":3,"f:25:9:25:20":4,"s:26:2:26:Infinity":4,"f:26:13:26:19":5,"s:26:25:26:38":5,"f:29:9:29:25":6,"s:30:19:30:Infinity":6,"b:31:2:31:Infinity:undefined:undefined:undefined:undefined":1,"s:31:2:31:Infinity":7,"b:31:6:31:33:31:33:31:55":2,"s:31:55:31:Infinity":8,"s:32:15:32:Infinity":9,"b:33:2:33:Infinity:undefined:undefined:undefined:undefined":3,"s:33:2:33:Infinity":10,"s:33:31:33:Infinity":11,"s:34:2:39:Infinity":12,"s:35:4:35:Infinity":13,"s:38:4:38:Infinity":14,"f:42:9:42:28":7,"s:43:15:43:Infinity":15,"s:44:29:44:Infinity":16,"s:45:2:52:Infinity":17,"s:46:19:46:Infinity":18,"s:47:17:47:Infinity":19,"s:48:16:48:Infinity":20,"b:49:4:49:Infinity:undefined:undefined:undefined:undefined":4,"s:49:4:49:Infinity":21,"s:49:23:49:Infinity":22,"s:50:4:50:Infinity":23,"s:51:4:51:Infinity":24,"s:53:2:53:Infinity":25,"f:56:16:56:32":8,"s:60:26:60:Infinity":26,"b:62:2:64:Infinity:undefined:undefined:undefined:undefined":5,"s:62:2:64:Infinity":27,"b:62:6:62:31:62:31:62:56":6,"s:63:4:63:Infinity":28,"s:66:25:66:Infinity":29,"f:66:54:66:59":9,"s:66:65:66:80":30,"s:67:18:67:Infinity":31,"s:68:18:68:Infinity":32,"s:69:17:69:Infinity":33,"s:71:19:71:Infinity":34,"s:73:14:73:Infinity":35,"s:75:17:75:Infinity":36,"f:75:21:75:29":10,"s:75:35:75:63":37,"b:77:2:79:Infinity:undefined:undefined:undefined:undefined":7,"s:77:2:79:Infinity":38,"s:78:4:78:Infinity":39,"f:78:24:78:32":11,"s:78:38:78:65":40,"b:80:2:82:Infinity:undefined:undefined:undefined:undefined":8,"s:80:2:82:Infinity":41,"s:81:4:81:Infinity":42,"f:81:24:81:32":12,"s:81:38:81:66":43,"s:84:2:94:Infinity":44,"f:84:11:84:17":13,"s:85:15:85:Infinity":45,"b:85:44:85:48:85:48:85:Infinity":9,"s:86:15:86:Infinity":46,"b:86:44:86:48:86:48:86:Infinity":10,"b:87:4:87:Infinity:undefined:undefined:undefined:undefined":11,"s:87:4:87:Infinity":47,"s:87:19:87:Infinity":48,"b:89:4:89:Infinity:undefined:undefined:undefined:undefined":12,"s:89:4:89:Infinity":49,"s:89:41:89:Infinity":50,"s:91:17:91:Infinity":51,"s:92:17:92:Infinity":52,"s:93:4:93:Infinity":53,"s:96:14:96:Infinity":54,"s:97:19:97:Infinity":55,"b:99:2:99:Infinity:undefined:undefined:undefined:undefined":13,"s:99:2:99:Infinity":56,"s:99:29:99:Infinity":57,"s:101:2:101:Infinity":58},"fnNames":{}}}
,"/home/corys/dev/sentinel/src/core/logger.ts": {"path":"/home/corys/dev/sentinel/src/core/logger.ts","statementMap":{"0":{"start":{"line":9,"column":8},"end":{"line":12,"column":null}},"1":{"start":{"line":10,"column":20},"end":{"line":10,"column":null}},"2":{"start":{"line":11,"column":4},"end":{"line":11,"column":null}},"3":{"start":{"line":14,"column":2},"end":{"line":21,"column":null}},"4":{"start":{"line":15,"column":20},"end":{"line":15,"column":null}},"5":{"start":{"line":16,"column":20},"end":{"line":16,"column":null}},"6":{"start":{"line":17,"column":21},"end":{"line":17,"column":null}},"7":{"start":{"line":19,"column":6},"end":{"line":19,"column":null}},"8":{"start":{"line":19,"column":24},"end":{"line":19,"column":null}}},"fnMap":{"0":{"name":"createLogger","decl":{"start":{"line":8,"column":16},"end":{"line":8,"column":29}},"loc":{"start":{"line":8,"column":65},"end":{"line":22,"column":null}},"line":8},"1":{"name":"(anonymous_1)","decl":{"start":{"line":9,"column":8},"end":{"line":9,"column":16}},"loc":{"start":{"line":9,"column":79},"end":{"line":12,"column":null}},"line":9},"2":{"name":"(anonymous_2)","decl":{"start":{"line":15,"column":4},"end":{"line":15,"column":11}},"loc":{"start":{"line":15,"column":20},"end":{"line":15,"column":null}},"line":15},"3":{"name":"(anonymous_3)","decl":{"start":{"line":16,"column":4},"end":{"line":16,"column":11}},"loc":{"start":{"line":16,"column":20},"end":{"line":16,"column":null}},"line":16},"4":{"name":"(anonymous_4)","decl":{"start":{"line":17,"column":4},"end":{"line":17,"column":12}},"loc":{"start":{"line":17,"column":21},"end":{"line":17,"column":null}},"line":17},"5":{"name":"(anonymous_5)","decl":{"start":{"line":18,"column":4},"end":{"line":18,"column":12}},"loc":{"start":{"line":18,"column":21},"end":{"line":20,"column":null}},"line":18}},"branchMap":{"0":{"loc":{"start":{"line":10,"column":20},"end":{"line":10,"column":null}},"type":"cond-expr","locations":[{"start":{"line":10,"column":27},"end":{"line":10,"column":56}},{"start":{"line":10,"column":56},"end":{"line":10,"column":null}}],"line":10},"1":{"loc":{"start":{"line":19,"column":6},"end":{"line":19,"column":null}},"type":"if","locations":[{"start":{"line":19,"column":6},"end":{"line":19,"column":null}},{"start":{},"end":{}}],"line":19}},"s":{"0":39,"1":10,"2":10,"3":39,"4":10,"5":0,"6":0,"7":0,"8":0},"f":{"0":39,"1":10,"2":10,"3":0,"4":0,"5":0},"b":{"0":[0,10],"1":[0,0]},"meta":{"lastBranch":2,"lastFunction":6,"lastStatement":9,"seen":{"f:8:16:8:29":0,"s:9:8:12:Infinity":0,"f:9:8:9:16":1,"s:10:20:10:Infinity":1,"b:10:27:10:56:10:56:10:Infinity":0,"s:11:4:11:Infinity":2,"s:14:2:21:Infinity":3,"f:15:4:15:11":2,"s:15:20:15:Infinity":4,"f:16:4:16:11":3,"s:16:20:16:Infinity":5,"f:17:4:17:12":4,"s:17:21:17:Infinity":6,"f:18:4:18:12":5,"b:19:6:19:Infinity:undefined:undefined:undefined:undefined":1,"s:19:6:19:Infinity":7,"s:19:24:19:Infinity":8},"fnNames":{}}}
,"/home/corys/dev/sentinel/src/core/runner.ts": {"path":"/home/corys/dev/sentinel/src/core/runner.ts","statementMap":{"0":{"start":{"line":38,"column":18},"end":{"line":38,"column":null}},"1":{"start":{"line":39,"column":42},"end":{"line":39,"column":null}},"2":{"start":{"line":42,"column":2},"end":{"line":46,"column":null}},"3":{"start":{"line":43,"column":4},"end":{"line":43,"column":null}},"4":{"start":{"line":44,"column":26},"end":{"line":44,"column":null}},"5":{"start":{"line":45,"column":4},"end":{"line":45,"column":null}},"6":{"start":{"line":48,"column":19},"end":{"line":48,"column":null}},"7":{"start":{"line":51,"column":28},"end":{"line":59,"column":null}},"8":{"start":{"line":62,"column":2},"end":{"line":62,"column":null}},"9":{"start":{"line":65,"column":2},"end":{"line":71,"column":null}},"10":{"start":{"line":66,"column":21},"end":{"line":66,"column":null}},"11":{"start":{"line":67,"column":16},"end":{"line":67,"column":null}},"12":{"start":{"line":68,"column":20},"end":{"line":68,"column":null}},"13":{"start":{"line":69,"column":4},"end":{"line":69,"column":null}},"14":{"start":{"line":70,"column":4},"end":{"line":70,"column":null}},"15":{"start":{"line":73,"column":2},"end":{"line":73,"column":null}}},"fnMap":{"0":{"name":"runScan","decl":{"start":{"line":30,"column":22},"end":{"line":30,"column":30}},"loc":{"start":{"line":37,"column":23},"end":{"line":74,"column":null}},"line":37}},"branchMap":{"0":{"loc":{"start":{"line":67,"column":16},"end":{"line":67,"column":null}},"type":"cond-expr","locations":[{"start":{"line":67,"column":47},"end":{"line":67,"column":54}},{"start":{"line":67,"column":54},"end":{"line":67,"column":null}}],"line":67}},"s":{"0":2,"1":2,"2":2,"3":6,"4":6,"5":6,"6":2,"7":2,"8":2,"9":2,"10":4,"11":4,"12":4,"13":4,"14":4,"15":2},"f":{"0":2},"b":{"0":[2,2]},"meta":{"lastBranch":1,"lastFunction":1,"lastStatement":16,"seen":{"f:30:22:30:30":0,"s:38:18:38:Infinity":0,"s:39:42:39:Infinity":1,"s:42:2:46:Infinity":2,"s:43:4:43:Infinity":3,"s:44:26:44:Infinity":4,"s:45:4:45:Infinity":5,"s:48:19:48:Infinity":6,"s:51:28:59:Infinity":7,"s:62:2:62:Infinity":8,"s:65:2:71:Infinity":9,"s:66:21:66:Infinity":10,"s:67:16:67:Infinity":11,"b:67:47:67:54:67:54:67:Infinity":0,"s:68:20:68:Infinity":12,"s:69:4:69:Infinity":13,"s:70:4:70:Infinity":14,"s:73:2:73:Infinity":15},"fnNames":{}}}
,"/home/corys/dev/sentinel/src/http/client.ts": {"path":"/home/corys/dev/sentinel/src/http/client.ts","statementMap":{"0":{"start":{"line":43,"column":38},"end":{"line":43,"column":null}},"1":{"start":{"line":44,"column":2},"end":{"line":46,"column":null}},"2":{"start":{"line":45,"column":4},"end":{"line":45,"column":null}},"3":{"start":{"line":47,"column":2},"end":{"line":47,"column":null}},"4":{"start":{"line":51,"column":22},"end":{"line":51,"column":47}},"5":{"start":{"line":54,"column":16},"end":{"line":54,"column":null}},"6":{"start":{"line":56,"column":23},"end":{"line":56,"column":null}},"7":{"start":{"line":57,"column":14},"end":{"line":57,"column":null}},"8":{"start":{"line":57,"column":31},"end":{"line":57,"column":51}},"9":{"start":{"line":59,"column":4},"end":{"line":84,"column":null}},"10":{"start":{"line":60,"column":46},"end":{"line":64,"column":null}},"11":{"start":{"line":66,"column":32},"end":{"line":71,"column":null}},"12":{"start":{"line":73,"column":18},"end":{"line":73,"column":null}},"13":{"start":{"line":75,"column":23},"end":{"line":75,"column":null}},"14":{"start":{"line":76,"column":6},"end":{"line":81,"column":null}},"15":{"start":{"line":83,"column":6},"end":{"line":83,"column":null}}},"fnMap":{"0":{"name":"headersToRecord","decl":{"start":{"line":42,"column":9},"end":{"line":42,"column":25}},"loc":{"start":{"line":42,"column":61},"end":{"line":48,"column":null}},"line":42},"1":{"name":"(anonymous_1)","decl":{"start":{"line":44,"column":4},"end":{"line":44,"column":13}},"loc":{"start":{"line":44,"column":22},"end":{"line":46,"column":3}},"line":44},"2":{"name":"constructor","decl":{"start":{"line":51,"column":2},"end":{"line":51,"column":14}},"loc":{"start":{"line":51,"column":47},"end":{"line":51,"column":null}},"line":51},"3":{"name":"request","decl":{"start":{"line":53,"column":8},"end":{"line":53,"column":16}},"loc":{"start":{"line":53,"column":57},"end":{"line":85,"column":null}},"line":53},"4":{"name":"(anonymous_4)","decl":{"start":{"line":57,"column":14},"end":{"line":57,"column":31}},"loc":{"start":{"line":57,"column":31},"end":{"line":57,"column":51}},"line":57}},"branchMap":{"0":{"loc":{"start":{"line":54,"column":16},"end":{"line":54,"column":null}},"type":"binary-expr","locations":[{"start":{"line":54,"column":16},"end":{"line":54,"column":27}},{"start":{"line":54,"column":27},"end":{"line":54,"column":null}}],"line":54},"1":{"loc":{"start":{"line":54,"column":35},"end":{"line":54,"column":52}},"type":"binary-expr","locations":[{"start":{"line":54,"column":35},"end":{"line":54,"column":47}},{"start":{"line":54,"column":47},"end":{"line":54,"column":52}}],"line":54},"2":{"loc":{"start":{"line":61,"column":12},"end":{"line":61,"column":null}},"type":"binary-expr","locations":[{"start":{"line":61,"column":12},"end":{"line":61,"column":40}},{"start":{"line":61,"column":40},"end":{"line":61,"column":null}}],"line":61},"3":{"loc":{"start":{"line":62,"column":12},"end":{"line":62,"column":null}},"type":"cond-expr","locations":[{"start":{"line":62,"column":35},"end":{"line":62,"column":60}},{"start":{"line":62,"column":60},"end":{"line":62,"column":null}}],"line":62},"4":{"loc":{"start":{"line":63,"column":12},"end":{"line":63,"column":null}},"type":"binary-expr","locations":[{"start":{"line":63,"column":12},"end":{"line":63,"column":27}},{"start":{"line":63,"column":27},"end":{"line":63,"column":null}}],"line":63},"5":{"loc":{"start":{"line":70,"column":12},"end":{"line":70,"column":null}},"type":"cond-expr","locations":[{"start":{"line":70,"column":37},"end":{"line":70,"column":58}},{"start":{"line":70,"column":58},"end":{"line":70,"column":null}}],"line":70}},"s":{"0":147,"1":147,"2":20,"3":147,"4":39,"5":147,"6":147,"7":147,"8":0,"9":147,"10":147,"11":147,"12":147,"13":147,"14":147,"15":147},"f":{"0":147,"1":20,"2":39,"3":147,"4":0},"b":{"0":[147,147],"1":[147,0],"2":[147,131],"3":[16,131],"4":[147,132],"5":[10,137]},"meta":{"lastBranch":6,"lastFunction":5,"lastStatement":16,"seen":{"f:42:9:42:25":0,"s:43:38:43:Infinity":0,"s:44:2:46:Infinity":1,"f:44:4:44:13":1,"s:45:4:45:Infinity":2,"s:47:2:47:Infinity":3,"f:51:2:51:14":2,"s:51:22:51:47":4,"f:53:8:53:16":3,"s:54:16:54:Infinity":5,"b:54:16:54:27:54:27:54:Infinity":0,"b:54:35:54:47:54:47:54:52":1,"s:56:23:56:Infinity":6,"s:57:14:57:Infinity":7,"f:57:14:57:31":4,"s:57:31:57:51":8,"s:59:4:84:Infinity":9,"s:60:46:64:Infinity":10,"b:61:12:61:40:61:40:61:Infinity":2,"b:62:35:62:60:62:60:62:Infinity":3,"b:63:12:63:27:63:27:63:Infinity":4,"s:66:32:71:Infinity":11,"b:70:37:70:58:70:58:70:Infinity":5,"s:73:18:73:Infinity":12,"s:75:23:75:Infinity":13,"s:76:6:81:Infinity":14,"s:83:6:83:Infinity":15},"fnNames":{}}}
,"/home/corys/dev/sentinel/src/openapi/load.ts": {"path":"/home/corys/dev/sentinel/src/openapi/load.ts","statementMap":{"0":{"start":{"line":8,"column":2},"end":{"line":13,"column":null}},"1":{"start":{"line":9,"column":4},"end":{"line":9,"column":null}},"2":{"start":{"line":10,"column":4},"end":{"line":10,"column":null}},"3":{"start":{"line":12,"column":4},"end":{"line":12,"column":null}},"4":{"start":{"line":17,"column":2},"end":{"line":21,"column":null}},"5":{"start":{"line":18,"column":16},"end":{"line":18,"column":null}},"6":{"start":{"line":19,"column":4},"end":{"line":19,"column":null}},"7":{"start":{"line":19,"column":17},"end":{"line":19,"column":null}},"8":{"start":{"line":20,"column":4},"end":{"line":20,"column":null}},"9":{"start":{"line":23,"column":12},"end":{"line":23,"column":null}},"10":{"start":{"line":24,"column":2},"end":{"line":24,"column":null}},"11":{"start":{"line":29,"column":2},"end":{"line":37,"column":null}},"12":{"start":{"line":30,"column":4},"end":{"line":30,"column":null}},"13":{"start":{"line":32,"column":4},"end":{"line":36,"column":null}},"14":{"start":{"line":33,"column":6},"end":{"line":33,"column":null}},"15":{"start":{"line":35,"column":6},"end":{"line":35,"column":null}},"16":{"start":{"line":41,"column":16},"end":{"line":41,"column":null}},"17":{"start":{"line":42,"column":2},"end":{"line":42,"column":null}},"18":{"start":{"line":42,"column":43},"end":{"line":42,"column":null}},"19":{"start":{"line":44,"column":50},"end":{"line":44,"column":null}},"20":{"start":{"line":45,"column":2},"end":{"line":56,"column":null}},"21":{"start":{"line":46,"column":4},"end":{"line":46,"column":null}},"22":{"start":{"line":46,"column":49},"end":{"line":46,"column":null}},"23":{"start":{"line":48,"column":4},"end":{"line":55,"column":null}},"24":{"start":{"line":50,"column":21},"end":{"line":50,"column":null}},"25":{"start":{"line":51,"column":6},"end":{"line":51,"column":null}},"26":{"start":{"line":51,"column":90},"end":{"line":51,"column":null}},"27":{"start":{"line":52,"column":6},"end":{"line":52,"column":null}},"28":{"start":{"line":52,"column":41},"end":{"line":52,"column":null}},"29":{"start":{"line":54,"column":6},"end":{"line":54,"column":null}},"30":{"start":{"line":58,"column":2},"end":{"line":58,"column":null}},"31":{"start":{"line":66,"column":15},"end":{"line":66,"column":null}},"32":{"start":{"line":67,"column":14},"end":{"line":67,"column":null}},"33":{"start":{"line":70,"column":17},"end":{"line":70,"column":null}},"34":{"start":{"line":71,"column":20},"end":{"line":71,"column":null}},"35":{"start":{"line":73,"column":2},"end":{"line":73,"column":null}}},"fnMap":{"0":{"name":"isUrl","decl":{"start":{"line":7,"column":9},"end":{"line":7,"column":15}},"loc":{"start":{"line":7,"column":39},"end":{"line":14,"column":null}},"line":7},"1":{"name":"readText","decl":{"start":{"line":16,"column":15},"end":{"line":16,"column":24}},"loc":{"start":{"line":16,"column":57},"end":{"line":25,"column":null}},"line":16},"2":{"name":"parseSpecText","decl":{"start":{"line":27,"column":9},"end":{"line":27,"column":23}},"loc":{"start":{"line":27,"column":62},"end":{"line":38,"column":null}},"line":27},"3":{"name":"extractEndpoints","decl":{"start":{"line":40,"column":9},"end":{"line":40,"column":26}},"loc":{"start":{"line":40,"column":73},"end":{"line":59,"column":null}},"line":40},"4":{"name":"loadOpenApi","decl":{"start":{"line":65,"column":22},"end":{"line":65,"column":34}},"loc":{"start":{"line":65,"column":74},"end":{"line":74,"column":null}},"line":65}},"branchMap":{"0":{"loc":{"start":{"line":17,"column":2},"end":{"line":21,"column":null}},"type":"if","locations":[{"start":{"line":17,"column":2},"end":{"line":21,"column":null}},{"start":{},"end":{}}],"line":17},"1":{"loc":{"start":{"line":19,"column":4},"end":{"line":19,"column":null}},"type":"if","locations":[{"start":{"line":19,"column":4},"end":{"line":19,"column":null}},{"start":{},"end":{}}],"line":19},"2":{"loc":{"start":{"line":42,"column":2},"end":{"line":42,"column":null}},"type":"if","locations":[{"start":{"line":42,"column":2},"end":{"line":42,"column":null}},{"start":{},"end":{}}],"line":42},"3":{"loc":{"start":{"line":42,"column":6},"end":{"line":42,"column":43}},"type":"binary-expr","locations":[{"start":{"line":42,"column":6},"end":{"line":42,"column":16}},{"start":{"line":42,"column":16},"end":{"line":42,"column":43}}],"line":42},"4":{"loc":{"start":{"line":46,"column":4},"end":{"line":46,"column":null}},"type":"if","locations":[{"start":{"line":46,"column":4},"end":{"line":46,"column":null}},{"start":{},"end":{}}],"line":46},"5":{"loc":{"start":{"line":46,"column":8},"end":{"line":46,"column":49}},"type":"binary-expr","locations":[{"start":{"line":46,"column":8},"end":{"line":46,"column":20}},{"start":{"line":46,"column":20},"end":{"line":46,"column":49}}],"line":46},"6":{"loc":{"start":{"line":51,"column":6},"end":{"line":51,"column":null}},"type":"if","locations":[{"start":{"line":51,"column":6},"end":{"line":51,"column":null}},{"start":{},"end":{}}],"line":51},"7":{"loc":{"start":{"line":52,"column":6},"end":{"line":52,"column":null}},"type":"if","locations":[{"start":{"line":52,"column":6},"end":{"line":52,"column":null}},{"start":{},"end":{}}],"line":52},"8":{"loc":{"start":{"line":52,"column":10},"end":{"line":52,"column":41}},"type":"binary-expr","locations":[{"start":{"line":52,"column":10},"end":{"line":52,"column":17}},{"start":{"line":52,"column":17},"end":{"line":52,"column":41}}],"line":52}},"s":{"0":2,"1":2,"2":2,"3":2,"4":2,"5":0,"6":0,"7":0,"8":0,"9":2,"10":2,"11":2,"12":2,"13":1,"14":1,"15":1,"16":1,"17":1,"18":0,"19":1,"20":1,"21":3,"22":0,"23":3,"24":4,"25":4,"26":0,"27":4,"28":0,"29":4,"30":1,"31":2,"32":2,"33":2,"34":1,"35":1},"f":{"0":2,"1":2,"2":2,"3":1,"4":2},"b":{"0":[0,2],"1":[0,0],"2":[0,1],"3":[1,1],"4":[0,3],"5":[3,3],"6":[0,4],"7":[0,4],"8":[4,4]},"meta":{"lastBranch":9,"lastFunction":5,"lastStatement":36,"seen":{"f:7:9:7:15":0,"s:8:2:13:Infinity":0,"s:9:4:9:Infinity":1,"s:10:4:10:Infinity":2,"s:12:4:12:Infinity":3,"f:16:15:16:24":1,"b:17:2:21:Infinity:undefined:undefined:undefined:undefined":0,"s:17:2:21:Infinity":4,"s:18:16:18:Infinity":5,"b:19:4:19:Infinity:undefined:undefined:undefined:undefined":1,"s:19:4:19:Infinity":6,"s:19:17:19:Infinity":7,"s:20:4:20:Infinity":8,"s:23:12:23:Infinity":9,"s:24:2:24:Infinity":10,"f:27:9:27:23":2,"s:29:2:37:Infinity":11,"s:30:4:30:Infinity":12,"s:32:4:36:Infinity":13,"s:33:6:33:Infinity":14,"s:35:6:35:Infinity":15,"f:40:9:40:26":3,"s:41:16:41:Infinity":16,"b:42:2:42:Infinity:undefined:undefined:undefined:undefined":2,"s:42:2:42:Infinity":17,"b:42:6:42:16:42:16:42:43":3,"s:42:43:42:Infinity":18,"s:44:50:44:Infinity":19,"s:45:2:56:Infinity":20,"b:46:4:46:Infinity:undefined:undefined:undefined:undefined":4,"s:46:4:46:Infinity":21,"b:46:8:46:20:46:20:46:49":5,"s:46:49:46:Infinity":22,"s:48:4:55:Infinity":23,"s:50:21:50:Infinity":24,"b:51:6:51:Infinity:undefined:undefined:undefined:undefined":6,"s:51:6:51:Infinity":25,"s:51:90:51:Infinity":26,"b:52:6:52:Infinity:undefined:undefined:undefined:undefined":7,"s:52:6:52:Infinity":27,"b:52:10:52:17:52:17:52:41":8,"s:52:41:52:Infinity":28,"s:54:6:54:Infinity":29,"s:58:2:58:Infinity":30,"f:65:22:65:34":4,"s:66:15:66:Infinity":31,"s:67:14:67:Infinity":32,"s:70:17:70:Infinity":33,"s:71:20:71:Infinity":34,"s:73:2:73:Infinity":35},"fnNames":{}}}
,"/home/corys/dev/sentinel/src/reporters/json.ts": {"path":"/home/corys/dev/sentinel/src/reporters/json.ts","statementMap":{"0":{"start":{"line":4,"column":2},"end":{"line":9,"column":null}},"1":{"start":{"line":7,"column":6},"end":{"line":7,"column":null}}},"fnMap":{"0":{"name":"jsonReporter","decl":{"start":{"line":3,"column":16},"end":{"line":3,"column":41}},"loc":{"start":{"line":3,"column":41},"end":{"line":10,"column":null}},"line":3},"1":{"name":"render","decl":{"start":{"line":6,"column":4},"end":{"line":6,"column":11}},"loc":{"start":{"line":6,"column":38},"end":{"line":8,"column":null}},"line":6}},"branchMap":{},"s":{"0":2,"1":2},"f":{"0":2,"1":2},"b":{},"meta":{"lastBranch":0,"lastFunction":2,"lastStatement":2,"seen":{"f:3:16:3:41":0,"s:4:2:9:Infinity":0,"f:6:4:6:11":1,"s:7:6:7:Infinity":1},"fnNames":{}}}
,"/home/corys/dev/sentinel/src/reporters/markdown.ts": {"path":"/home/corys/dev/sentinel/src/reporters/markdown.ts","statementMap":{"0":{"start":{"line":3,"column":46},"end":{"line":9,"column":null}},"1":{"start":{"line":11,"column":24},"end":{"line":11,"column":null}},"2":{"start":{"line":14,"column":2},"end":{"line":14,"column":null}},"3":{"start":{"line":18,"column":2},"end":{"line":18,"column":null}},"4":{"start":{"line":22,"column":2},"end":{"line":24,"column":null}},"5":{"start":{"line":23,"column":8},"end":{"line":23,"column":null}},"6":{"start":{"line":28,"column":2},"end":{"line":112,"column":null}},"7":{"start":{"line":31,"column":33},"end":{"line":31,"column":null}},"8":{"start":{"line":32,"column":30},"end":{"line":32,"column":null}},"9":{"start":{"line":35,"column":6},"end":{"line":35,"column":null}},"10":{"start":{"line":36,"column":6},"end":{"line":36,"column":null}},"11":{"start":{"line":37,"column":6},"end":{"line":37,"column":null}},"12":{"start":{"line":38,"column":6},"end":{"line":38,"column":null}},"13":{"start":{"line":39,"column":6},"end":{"line":39,"column":null}},"14":{"start":{"line":39,"column":27},"end":{"line":39,"column":null}},"15":{"start":{"line":40,"column":6},"end":{"line":40,"column":null}},"16":{"start":{"line":40,"column":47},"end":{"line":40,"column":null}},"17":{"start":{"line":41,"column":6},"end":{"line":41,"column":null}},"18":{"start":{"line":42,"column":6},"end":{"line":42,"column":null}},"19":{"start":{"line":45,"column":21},"end":{"line":48,"column":null}},"20":{"start":{"line":46,"column":8},"end":{"line":46,"column":null}},"21":{"start":{"line":47,"column":8},"end":{"line":47,"column":null}},"22":{"start":{"line":50,"column":6},"end":{"line":50,"column":null}},"23":{"start":{"line":51,"column":6},"end":{"line":51,"column":null}},"24":{"start":{"line":52,"column":6},"end":{"line":52,"column":null}},"25":{"start":{"line":53,"column":6},"end":{"line":53,"column":null}},"26":{"start":{"line":54,"column":6},"end":{"line":57,"column":null}},"27":{"start":{"line":55,"column":18},"end":{"line":55,"column":null}},"28":{"start":{"line":56,"column":8},"end":{"line":56,"column":null}},"29":{"start":{"line":56,"column":19},"end":{"line":56,"column":null}},"30":{"start":{"line":58,"column":6},"end":{"line":58,"column":null}},"31":{"start":{"line":59,"column":6},"end":{"line":59,"column":null}},"32":{"start":{"line":62,"column":26},"end":{"line":62,"column":null}},"33":{"start":{"line":63,"column":6},"end":{"line":65,"column":null}},"34":{"start":{"line":64,"column":8},"end":{"line":64,"column":null}},"35":{"start":{"line":64,"column":21},"end":{"line":64,"column":null}},"36":{"start":{"line":66,"column":6},"end":{"line":78,"column":null}},"37":{"start":{"line":67,"column":23},"end":{"line":69,"column":null}},"38":{"start":{"line":68,"column":20},"end":{"line":68,"column":null}},"39":{"start":{"line":70,"column":8},"end":{"line":70,"column":null}},"40":{"start":{"line":71,"column":8},"end":{"line":71,"column":null}},"41":{"start":{"line":72,"column":8},"end":{"line":72,"column":null}},"42":{"start":{"line":73,"column":8},"end":{"line":73,"column":null}},"43":{"start":{"line":74,"column":8},"end":{"line":76,"column":null}},"44":{"start":{"line":75,"column":10},"end":{"line":75,"column":null}},"45":{"start":{"line":77,"column":8},"end":{"line":77,"column":null}},"46":{"start":{"line":81,"column":6},"end":{"line":81,"column":null}},"47":{"start":{"line":82,"column":6},"end":{"line":82,"column":null}},"48":{"start":{"line":84,"column":6},"end":{"line":88,"column":null}},"49":{"start":{"line":85,"column":8},"end":{"line":85,"column":null}},"50":{"start":{"line":86,"column":8},"end":{"line":86,"column":null}},"51":{"start":{"line":87,"column":8},"end":{"line":87,"column":null}},"52":{"start":{"line":90,"column":6},"end":{"line":108,"column":null}},"53":{"start":{"line":91,"column":8},"end":{"line":91,"column":null}},"54":{"start":{"line":92,"column":8},"end":{"line":92,"column":null}},"55":{"start":{"line":93,"column":8},"end":{"line":93,"column":null}},"56":{"start":{"line":94,"column":27},"end":{"line":94,"column":null}},"57":{"start":{"line":95,"column":8},"end":{"line":95,"column":null}},"58":{"start":{"line":95,"column":21},"end":{"line":95,"column":null}},"59":{"start":{"line":96,"column":8},"end":{"line":96,"column":null}},"60":{"start":{"line":97,"column":8},"end":{"line":97,"column":null}},"61":{"start":{"line":98,"column":8},"end":{"line":98,"column":null}},"62":{"start":{"line":99,"column":8},"end":{"line":99,"column":null}},"63":{"start":{"line":100,"column":8},"end":{"line":103,"column":null}},"64":{"start":{"line":101,"column":10},"end":{"line":101,"column":null}},"65":{"start":{"line":102,"column":10},"end":{"line":102,"column":null}},"66":{"start":{"line":104,"column":8},"end":{"line":107,"column":null}},"67":{"start":{"line":105,"column":10},"end":{"line":105,"column":null}},"68":{"start":{"line":106,"column":10},"end":{"line":106,"column":null}},"69":{"start":{"line":110,"column":6},"end":{"line":110,"column":null}}},"fnMap":{"0":{"name":"cap","decl":{"start":{"line":13,"column":9},"end":{"line":13,"column":13}},"loc":{"start":{"line":13,"column":32},"end":{"line":15,"column":null}},"line":13},"1":{"name":"owaspSortKey","decl":{"start":{"line":17,"column":9},"end":{"line":17,"column":22}},"loc":{"start":{"line":17,"column":48},"end":{"line":19,"column":null}},"line":17},"2":{"name":"sortedByseverity","decl":{"start":{"line":21,"column":9},"end":{"line":21,"column":26}},"loc":{"start":{"line":21,"column":58},"end":{"line":25,"column":null}},"line":21},"3":{"name":"(anonymous_3)","decl":{"start":{"line":22,"column":23},"end":{"line":22,"column":null}},"loc":{"start":{"line":23,"column":8},"end":{"line":23,"column":null}},"line":23},"4":{"name":"markdownReporter","decl":{"start":{"line":27,"column":16},"end":{"line":27,"column":45}},"loc":{"start":{"line":27,"column":45},"end":{"line":113,"column":null}},"line":27},"5":{"name":"render","decl":{"start":{"line":30,"column":4},"end":{"line":30,"column":11}},"loc":{"start":{"line":30,"column":38},"end":{"line":111,"column":null}},"line":30},"6":{"name":"(anonymous_6)","decl":{"start":{"line":45,"column":30},"end":{"line":45,"column":62}},"loc":{"start":{"line":45,"column":73},"end":{"line":48,"column":9}},"line":45},"7":{"name":"(anonymous_7)","decl":{"start":{"line":67,"column":50},"end":{"line":67,"column":null}},"loc":{"start":{"line":68,"column":20},"end":{"line":68,"column":null}},"line":68}},"branchMap":{"0":{"loc":{"start":{"line":18,"column":18},"end":{"line":18,"column":59}},"type":"binary-expr","locations":[{"start":{"line":18,"column":18},"end":{"line":18,"column":53}},{"start":{"line":18,"column":53},"end":{"line":18,"column":59}}],"line":18},"1":{"loc":{"start":{"line":23,"column":15},"end":{"line":23,"column":51}},"type":"binary-expr","locations":[{"start":{"line":23,"column":15},"end":{"line":23,"column":44}},{"start":{"line":23,"column":44},"end":{"line":23,"column":51}}],"line":23},"2":{"loc":{"start":{"line":23,"column":51},"end":{"line":23,"column":null}},"type":"binary-expr","locations":[{"start":{"line":23,"column":51},"end":{"line":23,"column":80}},{"start":{"line":23,"column":80},"end":{"line":23,"column":null}}],"line":23},"3":{"loc":{"start":{"line":39,"column":6},"end":{"line":39,"column":null}},"type":"if","locations":[{"start":{"line":39,"column":6},"end":{"line":39,"column":null}},{"start":{},"end":{}}],"line":39},"4":{"loc":{"start":{"line":40,"column":6},"end":{"line":40,"column":null}},"type":"if","locations":[{"start":{"line":40,"column":6},"end":{"line":40,"column":null}},{"start":{},"end":{}}],"line":40},"5":{"loc":{"start":{"line":46,"column":27},"end":{"line":46,"column":51}},"type":"binary-expr","locations":[{"start":{"line":46,"column":27},"end":{"line":46,"column":46}},{"start":{"line":46,"column":46},"end":{"line":46,"column":51}}],"line":46},"6":{"loc":{"start":{"line":55,"column":18},"end":{"line":55,"column":null}},"type":"binary-expr","locations":[{"start":{"line":55,"column":18},"end":{"line":55,"column":33}},{"start":{"line":55,"column":33},"end":{"line":55,"column":null}}],"line":55},"7":{"loc":{"start":{"line":56,"column":8},"end":{"line":56,"column":null}},"type":"if","locations":[{"start":{"line":56,"column":8},"end":{"line":56,"column":null}},{"start":{},"end":{}}],"line":56},"8":{"loc":{"start":{"line":64,"column":8},"end":{"line":64,"column":null}},"type":"if","locations":[{"start":{"line":64,"column":8},"end":{"line":64,"column":null}},{"start":{},"end":{}}],"line":64},"9":{"loc":{"start":{"line":64,"column":47},"end":{"line":64,"column":80}},"type":"binary-expr","locations":[{"start":{"line":64,"column":47},"end":{"line":64,"column":75}},{"start":{"line":64,"column":75},"end":{"line":64,"column":80}}],"line":64},"10":{"loc":{"start":{"line":66,"column":6},"end":{"line":78,"column":null}},"type":"if","locations":[{"start":{"line":66,"column":6},"end":{"line":78,"column":null}},{"start":{},"end":{}}],"line":66},"11":{"loc":{"start":{"line":84,"column":6},"end":{"line":88,"column":null}},"type":"if","locations":[{"start":{"line":84,"column":6},"end":{"line":88,"column":null}},{"start":{},"end":{}}],"line":84},"12":{"loc":{"start":{"line":95,"column":8},"end":{"line":95,"column":null}},"type":"if","locations":[{"start":{"line":95,"column":8},"end":{"line":95,"column":null}},{"start":{},"end":{}}],"line":95},"13":{"loc":{"start":{"line":100,"column":8},"end":{"line":103,"column":null}},"type":"if","locations":[{"start":{"line":100,"column":8},"end":{"line":103,"column":null}},{"start":{},"end":{}}],"line":100},"14":{"loc":{"start":{"line":104,"column":8},"end":{"line":107,"column":null}},"type":"if","locations":[{"start":{"line":104,"column":8},"end":{"line":107,"column":null}},{"start":{},"end":{}}],"line":104}},"s":{"0":2,"1":2,"2":11,"3":6,"4":2,"5":11,"6":2,"7":2,"8":2,"9":2,"10":2,"11":2,"12":2,"13":2,"14":2,"15":2,"16":2,"17":2,"18":2,"19":2,"20":8,"21":8,"22":2,"23":2,"24":2,"25":2,"26":2,"27":10,"28":10,"29":3,"30":2,"31":2,"32":2,"33":2,"34":8,"35":7,"36":2,"37":1,"38":3,"39":1,"40":1,"41":1,"42":1,"43":1,"44":3,"45":1,"46":2,"47":2,"48":2,"49":0,"50":0,"51":0,"52":2,"53":8,"54":8,"55":8,"56":8,"57":8,"58":7,"59":8,"60":8,"61":8,"62":8,"63":8,"64":7,"65":7,"66":8,"67":7,"68":7,"69":2},"f":{"0":11,"1":6,"2":2,"3":11,"4":2,"5":2,"6":8,"7":3},"b":{"0":[6,0],"1":[11,0],"2":[11,0],"3":[2,0],"4":[2,0],"5":[8,3],"6":[10,7],"7":[3,7],"8":[7,1],"9":[7,3],"10":[1,1],"11":[0,2],"12":[7,1],"13":[7,1],"14":[7,1]},"meta":{"lastBranch":15,"lastFunction":8,"lastStatement":70,"seen":{"s:3:46:9:Infinity":0,"s:11:24:11:Infinity":1,"f:13:9:13:13":0,"s:14:2:14:Infinity":2,"f:17:9:17:22":1,"s:18:2:18:Infinity":3,"b:18:18:18:53:18:53:18:59":0,"f:21:9:21:26":2,"s:22:2:24:Infinity":4,"f:22:23:22:Infinity":3,"s:23:8:23:Infinity":5,"b:23:15:23:44:23:44:23:51":1,"b:23:51:23:80:23:80:23:Infinity":2,"f:27:16:27:45":4,"s:28:2:112:Infinity":6,"f:30:4:30:11":5,"s:31:33:31:Infinity":7,"s:32:30:32:Infinity":8,"s:35:6:35:Infinity":9,"s:36:6:36:Infinity":10,"s:37:6:37:Infinity":11,"s:38:6:38:Infinity":12,"b:39:6:39:Infinity:undefined:undefined:undefined:undefined":3,"s:39:6:39:Infinity":13,"s:39:27:39:Infinity":14,"b:40:6:40:Infinity:undefined:undefined:undefined:undefined":4,"s:40:6:40:Infinity":15,"s:40:47:40:Infinity":16,"s:41:6:41:Infinity":17,"s:42:6:42:Infinity":18,"s:45:21:48:Infinity":19,"f:45:30:45:62":6,"s:46:8:46:Infinity":20,"b:46:27:46:46:46:46:46:51":5,"s:47:8:47:Infinity":21,"s:50:6:50:Infinity":22,"s:51:6:51:Infinity":23,"s:52:6:52:Infinity":24,"s:53:6:53:Infinity":25,"s:54:6:57:Infinity":26,"s:55:18:55:Infinity":27,"b:55:18:55:33:55:33:55:Infinity":6,"b:56:8:56:Infinity:undefined:undefined:undefined:undefined":7,"s:56:8:56:Infinity":28,"s:56:19:56:Infinity":29,"s:58:6:58:Infinity":30,"s:59:6:59:Infinity":31,"s:62:26:62:Infinity":32,"s:63:6:65:Infinity":33,"b:64:8:64:Infinity:undefined:undefined:undefined:undefined":8,"s:64:8:64:Infinity":34,"s:64:21:64:Infinity":35,"b:64:47:64:75:64:75:64:80":9,"b:66:6:78:Infinity:undefined:undefined:undefined:undefined":10,"s:66:6:78:Infinity":36,"s:67:23:69:Infinity":37,"f:67:50:67:Infinity":7,"s:68:20:68:Infinity":38,"s:70:8:70:Infinity":39,"s:71:8:71:Infinity":40,"s:72:8:72:Infinity":41,"s:73:8:73:Infinity":42,"s:74:8:76:Infinity":43,"s:75:10:75:Infinity":44,"s:77:8:77:Infinity":45,"s:81:6:81:Infinity":46,"s:82:6:82:Infinity":47,"b:84:6:88:Infinity:undefined:undefined:undefined:undefined":11,"s:84:6:88:Infinity":48,"s:85:8:85:Infinity":49,"s:86:8:86:Infinity":50,"s:87:8:87:Infinity":51,"s:90:6:108:Infinity":52,"s:91:8:91:Infinity":53,"s:92:8:92:Infinity":54,"s:93:8:93:Infinity":55,"s:94:27:94:Infinity":56,"b:95:8:95:Infinity:undefined:undefined:undefined:undefined":12,"s:95:8:95:Infinity":57,"s:95:21:95:Infinity":58,"s:96:8:96:Infinity":59,"s:97:8:97:Infinity":60,"s:98:8:98:Infinity":61,"s:99:8:99:Infinity":62,"b:100:8:103:Infinity:undefined:undefined:undefined:undefined":13,"s:100:8:103:Infinity":63,"s:101:10:101:Infinity":64,"s:102:10:102:Infinity":65,"b:104:8:107:Infinity:undefined:undefined:undefined:undefined":14,"s:104:8:107:Infinity":66,"s:105:10:105:Infinity":67,"s:106:10:106:Infinity":68,"s:110:6:110:Infinity":69},"fnNames":{}}}
,"/home/corys/dev/sentinel/src/suites/auth.ts": {"path":"/home/corys/dev/sentinel/src/suites/auth.ts","statementMap":{"0":{"start":{"line":21,"column":22},"end":{"line":21,"column":null}},"1":{"start":{"line":22,"column":15},"end":{"line":22,"column":null}},"2":{"start":{"line":25,"column":15},"end":{"line":25,"column":null}},"3":{"start":{"line":26,"column":8},"end":{"line":28,"column":null}},"4":{"start":{"line":27,"column":4},"end":{"line":27,"column":null}},"5":{"start":{"line":27,"column":43},"end":{"line":27,"column":null}},"6":{"start":{"line":29,"column":2},"end":{"line":29,"column":null}},"7":{"start":{"line":29,"column":46},"end":{"line":29,"column":null}},"8":{"start":{"line":30,"column":2},"end":{"line":30,"column":null}},"9":{"start":{"line":31,"column":2},"end":{"line":31,"column":null}},"10":{"start":{"line":37,"column":16},"end":{"line":37,"column":null}},"11":{"start":{"line":38,"column":2},"end":{"line":38,"column":null}},"12":{"start":{"line":38,"column":26},"end":{"line":38,"column":null}},"13":{"start":{"line":39,"column":2},"end":{"line":47,"column":null}},"14":{"start":{"line":40,"column":19},"end":{"line":40,"column":null}},"15":{"start":{"line":41,"column":20},"end":{"line":41,"column":null}},"16":{"start":{"line":42,"column":4},"end":{"line":42,"column":null}},"17":{"start":{"line":42,"column":55},"end":{"line":42,"column":null}},"18":{"start":{"line":43,"column":4},"end":{"line":43,"column":null}},"19":{"start":{"line":43,"column":57},"end":{"line":43,"column":null}},"20":{"start":{"line":44,"column":4},"end":{"line":44,"column":null}},"21":{"start":{"line":46,"column":4},"end":{"line":46,"column":null}},"22":{"start":{"line":51,"column":30},"end":{"line":51,"column":null}},"23":{"start":{"line":52,"column":14},"end":{"line":52,"column":null}},"24":{"start":{"line":54,"column":2},"end":{"line":138,"column":null}},"25":{"start":{"line":55,"column":20},"end":{"line":55,"column":null}},"26":{"start":{"line":56,"column":4},"end":{"line":56,"column":null}},"27":{"start":{"line":56,"column":18},"end":{"line":56,"column":null}},"28":{"start":{"line":58,"column":32},"end":{"line":58,"column":null}},"29":{"start":{"line":59,"column":25},"end":{"line":59,"column":null}},"30":{"start":{"line":61,"column":4},"end":{"line":77,"column":null}},"31":{"start":{"line":62,"column":6},"end":{"line":76,"column":null}},"32":{"start":{"line":79,"column":4},"end":{"line":95,"column":null}},"33":{"start":{"line":80,"column":6},"end":{"line":94,"column":null}},"34":{"start":{"line":97,"column":16},"end":{"line":97,"column":null}},"35":{"start":{"line":98,"column":16},"end":{"line":98,"column":null}},"36":{"start":{"line":100,"column":4},"end":{"line":116,"column":null}},"37":{"start":{"line":101,"column":6},"end":{"line":115,"column":null}},"38":{"start":{"line":118,"column":4},"end":{"line":137,"column":null}},"39":{"start":{"line":119,"column":18},"end":{"line":119,"column":null}},"40":{"start":{"line":120,"column":6},"end":{"line":136,"column":null}},"41":{"start":{"line":121,"column":8},"end":{"line":135,"column":null}},"42":{"start":{"line":140,"column":2},"end":{"line":140,"column":null}},"43":{"start":{"line":144,"column":2},"end":{"line":144,"column":null}},"44":{"start":{"line":148,"column":2},"end":{"line":279,"column":null}},"45":{"start":{"line":152,"column":34},"end":{"line":152,"column":null}},"46":{"start":{"line":154,"column":18},"end":{"line":154,"column":null}},"47":{"start":{"line":155,"column":42},"end":{"line":157,"column":null}},"48":{"start":{"line":157,"column":24},"end":{"line":157,"column":48}},"49":{"start":{"line":159,"column":29},"end":{"line":159,"column":null}},"50":{"start":{"line":160,"column":54},"end":{"line":160,"column":null}},"51":{"start":{"line":161,"column":6},"end":{"line":161,"column":null}},"52":{"start":{"line":161,"column":45},"end":{"line":161,"column":null}},"53":{"start":{"line":162,"column":6},"end":{"line":164,"column":null}},"54":{"start":{"line":163,"column":8},"end":{"line":163,"column":null}},"55":{"start":{"line":166,"column":6},"end":{"line":275,"column":null}},"56":{"start":{"line":167,"column":20},"end":{"line":167,"column":null}},"57":{"start":{"line":169,"column":26},"end":{"line":172,"column":null}},"58":{"start":{"line":174,"column":8},"end":{"line":174,"column":null}},"59":{"start":{"line":180,"column":8},"end":{"line":211,"column":null}},"60":{"start":{"line":181,"column":27},"end":{"line":181,"column":null}},"61":{"start":{"line":182,"column":10},"end":{"line":210,"column":null}},"62":{"start":{"line":183,"column":12},"end":{"line":209,"column":null}},"63":{"start":{"line":184,"column":29},"end":{"line":184,"column":null}},"64":{"start":{"line":185,"column":33},"end":{"line":185,"column":null}},"65":{"start":{"line":186,"column":14},"end":{"line":206,"column":null}},"66":{"start":{"line":187,"column":16},"end":{"line":205,"column":null}},"67":{"start":{"line":213,"column":8},"end":{"line":232,"column":null}},"68":{"start":{"line":214,"column":22},"end":{"line":214,"column":null}},"69":{"start":{"line":215,"column":10},"end":{"line":231,"column":null}},"70":{"start":{"line":216,"column":12},"end":{"line":230,"column":null}},"71":{"start":{"line":237,"column":8},"end":{"line":274,"column":null}},"72":{"start":{"line":241,"column":30},"end":{"line":245,"column":null}},"73":{"start":{"line":247,"column":10},"end":{"line":247,"column":null}},"74":{"start":{"line":250,"column":27},"end":{"line":250,"column":null}},"75":{"start":{"line":251,"column":29},"end":{"line":251,"column":null}},"76":{"start":{"line":253,"column":10},"end":{"line":273,"column":null}},"77":{"start":{"line":254,"column":12},"end":{"line":272,"column":null}},"78":{"start":{"line":277,"column":6},"end":{"line":277,"column":null}}},"fnMap":{"0":{"name":"extractJwts","decl":{"start":{"line":24,"column":9},"end":{"line":24,"column":21}},"loc":{"start":{"line":24,"column":50},"end":{"line":32,"column":null}},"line":24},"1":{"name":"(anonymous_1)","decl":{"start":{"line":26,"column":8},"end":{"line":26,"column":16}},"loc":{"start":{"line":26,"column":33},"end":{"line":28,"column":null}},"line":26},"2":{"name":"decodeJwt","decl":{"start":{"line":34,"column":9},"end":{"line":34,"column":null}},"loc":{"start":{"line":36,"column":80},"end":{"line":48,"column":null}},"line":36},"3":{"name":"inspectJwts","decl":{"start":{"line":50,"column":9},"end":{"line":50,"column":21}},"loc":{"start":{"line":50,"column":69},"end":{"line":141,"column":null}},"line":50},"4":{"name":"isRedirect","decl":{"start":{"line":143,"column":9},"end":{"line":143,"column":20}},"loc":{"start":{"line":143,"column":36},"end":{"line":145,"column":null}},"line":143},"5":{"name":"authSuite","decl":{"start":{"line":147,"column":16},"end":{"line":147,"column":35}},"loc":{"start":{"line":147,"column":35},"end":{"line":280,"column":null}},"line":147},"6":{"name":"run","decl":{"start":{"line":151,"column":10},"end":{"line":151,"column":14}},"loc":{"start":{"line":151,"column":39},"end":{"line":278,"column":null}},"line":151},"7":{"name":"(anonymous_7)","decl":{"start":{"line":157,"column":9},"end":{"line":157,"column":14}},"loc":{"start":{"line":157,"column":24},"end":{"line":157,"column":48}},"line":157}},"branchMap":{"0":{"loc":{"start":{"line":38,"column":2},"end":{"line":38,"column":null}},"type":"if","locations":[{"start":{"line":38,"column":2},"end":{"line":38,"column":null}},{"start":{},"end":{}}],"line":38},"1":{"loc":{"start":{"line":42,"column":4},"end":{"line":42,"column":null}},"type":"if","locations":[{"start":{"line":42,"column":4},"end":{"line":42,"column":null}},{"start":{},"end":{}}],"line":42},"2":{"loc":{"start":{"line":42,"column":8},"end":{"line":42,"column":55}},"type":"binary-expr","locations":[{"start":{"line":42,"column":8},"end":{"line":42,"column":38}},{"start":{"line":42,"column":38},"end":{"line":42,"column":55}}],"line":42},"3":{"loc":{"start":{"line":43,"column":4},"end":{"line":43,"column":null}},"type":"if","locations":[{"start":{"line":43,"column":4},"end":{"line":43,"column":null}},{"start":{},"end":{}}],"line":43},"4":{"loc":{"start":{"line":43,"column":8},"end":{"line":43,"column":57}},"type":"binary-expr","locations":[{"start":{"line":43,"column":8},"end":{"line":43,"column":39}},{"start":{"line":43,"column":39},"end":{"line":43,"column":57}}],"line":43},"5":{"loc":{"start":{"line":56,"column":4},"end":{"line":56,"column":null}},"type":"if","locations":[{"start":{"line":56,"column":4},"end":{"line":56,"column":null}},{"start":{},"end":{}}],"line":56},"6":{"loc":{"start":{"line":61,"column":4},"end":{"line":77,"column":null}},"type":"if","locations":[{"start":{"line":61,"column":4},"end":{"line":77,"column":null}},{"start":{},"end":{}}],"line":61},"7":{"loc":{"start":{"line":61,"column":8},"end":{"line":61,"column":79}},"type":"binary-expr","locations":[{"start":{"line":61,"column":8},"end":{"line":61,"column":42}},{"start":{"line":61,"column":42},"end":{"line":61,"column":79}}],"line":61},"8":{"loc":{"start":{"line":79,"column":4},"end":{"line":95,"column":null}},"type":"if","locations":[{"start":{"line":79,"column":4},"end":{"line":95,"column":null}},{"start":{},"end":{}}],"line":79},"9":{"loc":{"start":{"line":97,"column":16},"end":{"line":97,"column":null}},"type":"cond-expr","locations":[{"start":{"line":97,"column":50},"end":{"line":97,"column":64}},{"start":{"line":97,"column":64},"end":{"line":97,"column":null}}],"line":97},"10":{"loc":{"start":{"line":98,"column":16},"end":{"line":98,"column":null}},"type":"cond-expr","locations":[{"start":{"line":98,"column":50},"end":{"line":98,"column":64}},{"start":{"line":98,"column":64},"end":{"line":98,"column":null}}],"line":98},"11":{"loc":{"start":{"line":100,"column":4},"end":{"line":116,"column":null}},"type":"if","locations":[{"start":{"line":100,"column":4},"end":{"line":116,"column":null}},{"start":{},"end":{}}],"line":100},"12":{"loc":{"start":{"line":100,"column":8},"end":{"line":100,"column":76}},"type":"binary-expr","locations":[{"start":{"line":100,"column":8},"end":{"line":100,"column":24}},{"start":{"line":100,"column":24},"end":{"line":100,"column":37}},{"start":{"line":100,"column":37},"end":{"line":100,"column":58}},{"start":{"line":100,"column":58},"end":{"line":100,"column":76}}],"line":100},"13":{"loc":{"start":{"line":118,"column":4},"end":{"line":137,"column":null}},"type":"if","locations":[{"start":{"line":118,"column":4},"end":{"line":137,"column":null}},{"start":{},"end":{}}],"line":118},"14":{"loc":{"start":{"line":119,"column":25},"end":{"line":119,"column":null}},"type":"binary-expr","locations":[{"start":{"line":119,"column":25},"end":{"line":119,"column":32}},{"start":{"line":119,"column":32},"end":{"line":119,"column":null}}],"line":119},"15":{"loc":{"start":{"line":120,"column":6},"end":{"line":136,"column":null}},"type":"if","locations":[{"start":{"line":120,"column":6},"end":{"line":136,"column":null}},{"start":{},"end":{}}],"line":120},"16":{"loc":{"start":{"line":144,"column":9},"end":{"line":144,"column":null}},"type":"binary-expr","locations":[{"start":{"line":144,"column":9},"end":{"line":144,"column":26}},{"start":{"line":144,"column":26},"end":{"line":144,"column":null}}],"line":144},"17":{"loc":{"start":{"line":161,"column":6},"end":{"line":161,"column":null}},"type":"if","locations":[{"start":{"line":161,"column":6},"end":{"line":161,"column":null}},{"start":{},"end":{}}],"line":161},"18":{"loc":{"start":{"line":162,"column":6},"end":{"line":164,"column":null}},"type":"if","locations":[{"start":{"line":162,"column":6},"end":{"line":164,"column":null}},{"start":{},"end":{}}],"line":162},"19":{"loc":{"start":{"line":162,"column":10},"end":{"line":162,"column":77}},"type":"binary-expr","locations":[{"start":{"line":162,"column":10},"end":{"line":162,"column":47}},{"start":{"line":162,"column":47},"end":{"line":162,"column":77}}],"line":162},"20":{"loc":{"start":{"line":180,"column":8},"end":{"line":211,"column":null}},"type":"if","locations":[{"start":{"line":180,"column":8},"end":{"line":211,"column":null}},{"start":{},"end":{}}],"line":180},"21":{"loc":{"start":{"line":182,"column":10},"end":{"line":210,"column":null}},"type":"if","locations":[{"start":{"line":182,"column":10},"end":{"line":210,"column":null}},{"start":{},"end":{}}],"line":182},"22":{"loc":{"start":{"line":186,"column":14},"end":{"line":206,"column":null}},"type":"if","locations":[{"start":{"line":186,"column":14},"end":{"line":206,"column":null}},{"start":{},"end":{}}],"line":186},"23":{"loc":{"start":{"line":213,"column":8},"end":{"line":232,"column":null}},"type":"if","locations":[{"start":{"line":213,"column":8},"end":{"line":232,"column":null}},{"start":{},"end":{}}],"line":213},"24":{"loc":{"start":{"line":215,"column":10},"end":{"line":231,"column":null}},"type":"if","locations":[{"start":{"line":215,"column":10},"end":{"line":231,"column":null}},{"start":{},"end":{}}],"line":215},"25":{"loc":{"start":{"line":237,"column":8},"end":{"line":274,"column":null}},"type":"if","locations":[{"start":{"line":237,"column":8},"end":{"line":274,"column":null}},{"start":{},"end":{}}],"line":237},"26":{"loc":{"start":{"line":237,"column":12},"end":{"line":237,"column":73}},"type":"binary-expr","locations":[{"start":{"line":237,"column":12},"end":{"line":237,"column":31}},{"start":{"line":237,"column":31},"end":{"line":237,"column":66}},{"start":{"line":237,"column":66},"end":{"line":237,"column":73}}],"line":237},"27":{"loc":{"start":{"line":250,"column":27},"end":{"line":250,"column":null}},"type":"binary-expr","locations":[{"start":{"line":250,"column":27},"end":{"line":250,"column":54}},{"start":{"line":250,"column":54},"end":{"line":250,"column":null}}],"line":250},"28":{"loc":{"start":{"line":251,"column":29},"end":{"line":251,"column":null}},"type":"binary-expr","locations":[{"start":{"line":251,"column":29},"end":{"line":251,"column":58}},{"start":{"line":251,"column":58},"end":{"line":251,"column":null}}],"line":251},"29":{"loc":{"start":{"line":253,"column":10},"end":{"line":273,"column":null}},"type":"if","locations":[{"start":{"line":253,"column":10},"end":{"line":273,"column":null}},{"start":{},"end":{}}],"line":253},"30":{"loc":{"start":{"line":253,"column":14},"end":{"line":253,"column":38}},"type":"binary-expr","locations":[{"start":{"line":253,"column":14},"end":{"line":253,"column":26}},{"start":{"line":253,"column":26},"end":{"line":253,"column":38}}],"line":253}},"s":{"0":2,"1":2,"2":9,"3":9,"4":10,"5":4,"6":9,"7":1,"8":9,"9":9,"10":4,"11":4,"12":0,"13":4,"14":4,"15":4,"16":4,"17":0,"18":4,"19":0,"20":4,"21":0,"22":9,"23":9,"24":9,"25":4,"26":4,"27":0,"28":4,"29":4,"30":4,"31":1,"32":4,"33":1,"34":4,"35":4,"36":4,"37":1,"38":4,"39":3,"40":3,"41":1,"42":9,"43":8,"44":8,"45":8,"46":8,"47":8,"48":8,"49":8,"50":8,"51":8,"52":2,"53":8,"54":0,"55":8,"56":8,"57":8,"58":8,"59":8,"60":1,"61":1,"62":1,"63":1,"64":1,"65":1,"66":1,"67":8,"68":2,"69":2,"70":2,"71":8,"72":1,"73":1,"74":1,"75":1,"76":1,"77":1,"78":8},"f":{"0":9,"1":10,"2":4,"3":9,"4":8,"5":8,"6":8,"7":8},"b":{"0":[0,4],"1":[0,4],"2":[4,4],"3":[0,4],"4":[4,4],"5":[0,4],"6":[1,3],"7":[4,4],"8":[1,3],"9":[3,1],"10":[4,0],"11":[1,3],"12":[4,3,1,1],"13":[3,1],"14":[3,0],"15":[1,2],"16":[8,3],"17":[2,6],"18":[0,8],"19":[8,0],"20":[1,7],"21":[1,0],"22":[1,0],"23":[2,6],"24":[2,0],"25":[1,7],"26":[8,2,0],"27":[1,1],"28":[1,1],"29":[1,0],"30":[1,1]},"meta":{"lastBranch":31,"lastFunction":8,"lastStatement":79,"seen":{"s:21:22:21:Infinity":0,"s:22:15:22:Infinity":1,"f:24:9:24:21":0,"s:25:15:25:Infinity":2,"s:26:8:28:Infinity":3,"f:26:8:26:16":1,"s:27:4:27:Infinity":4,"s:27:43:27:Infinity":5,"s:29:2:29:Infinity":6,"s:29:46:29:Infinity":7,"s:30:2:30:Infinity":8,"s:31:2:31:Infinity":9,"f:34:9:34:Infinity":2,"s:37:16:37:Infinity":10,"b:38:2:38:Infinity:undefined:undefined:undefined:undefined":0,"s:38:2:38:Infinity":11,"s:38:26:38:Infinity":12,"s:39:2:47:Infinity":13,"s:40:19:40:Infinity":14,"s:41:20:41:Infinity":15,"b:42:4:42:Infinity:undefined:undefined:undefined:undefined":1,"s:42:4:42:Infinity":16,"b:42:8:42:38:42:38:42:55":2,"s:42:55:42:Infinity":17,"b:43:4:43:Infinity:undefined:undefined:undefined:undefined":3,"s:43:4:43:Infinity":18,"b:43:8:43:39:43:39:43:57":4,"s:43:57:43:Infinity":19,"s:44:4:44:Infinity":20,"s:46:4:46:Infinity":21,"f:50:9:50:21":3,"s:51:30:51:Infinity":22,"s:52:14:52:Infinity":23,"s:54:2:138:Infinity":24,"s:55:20:55:Infinity":25,"b:56:4:56:Infinity:undefined:undefined:undefined:undefined":5,"s:56:4:56:Infinity":26,"s:56:18:56:Infinity":27,"s:58:32:58:Infinity":28,"s:59:25:59:Infinity":29,"b:61:4:77:Infinity:undefined:undefined:undefined:undefined":6,"s:61:4:77:Infinity":30,"b:61:8:61:42:61:42:61:79":7,"s:62:6:76:Infinity":31,"b:79:4:95:Infinity:undefined:undefined:undefined:undefined":8,"s:79:4:95:Infinity":32,"s:80:6:94:
[...]
:78,"column":6},"end":{"line":97,"column":null}},{"start":{},"end":{}}],"line":78},"11":{"loc":{"start":{"line":109,"column":8},"end":{"line":130,"column":null}},"type":"if","locations":[{"start":{"line":109,"column":8},"end":{"line":130,"column":null}},{"start":{},"end":{}}],"line":109},"12":{"loc":{"start":{"line":109,"column":12},"end":{"line":109,"column":75}},"type":"binary-expr","locations":[{"start":{"line":109,"column":12},"end":{"line":109,"column":36}},{"start":{"line":109,"column":36},"end":{"line":109,"column":59}},{"start":{"line":109,"column":59},"end":{"line":109,"column":75}}],"line":109},"13":{"loc":{"start":{"line":135,"column":6},"end":{"line":171,"column":null}},"type":"if","locations":[{"start":{"line":135,"column":6},"end":{"line":171,"column":null}},{"start":{},"end":{}}],"line":135},"14":{"loc":{"start":{"line":137,"column":8},"end":{"line":170,"column":null}},"type":"if","locations":[{"start":{"line":137,"column":8},"end":{"line":170,"column":null}},{"start":{},"end":{}}],"line":137},"15":{"loc":{"start":{"line":141,"column":12},"end":{"line":141,"column":null}},"type":"if","locations":[{"start":{"line":141,"column":12},"end":{"line":141,"column":null}},{"start":{},"end":{}}],"line":141},"16":{"loc":{"start":{"line":141,"column":16},"end":{"line":141,"column":57}},"type":"binary-expr","locations":[{"start":{"line":141,"column":16},"end":{"line":141,"column":22}},{"start":{"line":141,"column":22},"end":{"line":141,"column":40}},{"start":{"line":141,"column":40},"end":{"line":141,"column":57}}],"line":141},"17":{"loc":{"start":{"line":143,"column":19},"end":{"line":143,"column":null}},"type":"cond-expr","locations":[{"start":{"line":143,"column":66},"end":{"line":143,"column":72}},{"start":{"line":143,"column":72},"end":{"line":143,"column":null}}],"line":143},"18":{"loc":{"start":{"line":143,"column":19},"end":{"line":143,"column":66}},"type":"binary-expr","locations":[{"start":{"line":143,"column":19},"end":{"line":143,"column":24}},{"start":{"line":143,"column":24},"end":{"line":143,"column":66}}],"line":143},"19":{"loc":{"start":{"line":143,"column":33},"end":{"line":143,"column":46}},"type":"binary-expr","locations":[{"start":{"line":143,"column":33},"end":{"line":143,"column":41}},{"start":{"line":143,"column":41},"end":{"line":143,"column":46}}],"line":143},"20":{"loc":{"start":{"line":146,"column":10},"end":{"line":169,"column":null}},"type":"if","locations":[{"start":{"line":146,"column":10},"end":{"line":169,"column":null}},{"start":{},"end":{}}],"line":146}},"s":{"0":2,"1":2,"2":2,"3":2,"4":2,"5":3,"6":3,"7":3,"8":3,"9":3,"10":0,"11":0,"12":0,"13":0,"14":3,"15":3,"16":9,"17":9,"18":9,"19":9,"20":9,"21":9,"22":81,"23":81,"24":9,"25":63,"26":63,"27":9,"28":1,"29":9,"30":9,"31":9,"32":9,"33":9,"34":1,"35":9,"36":3,"37":3,"38":3,"39":3,"40":6,"41":6,"42":2,"43":4,"44":4,"45":3,"46":2,"47":3,"48":9},"f":{"0":3,"1":3,"2":9,"3":9,"4":63,"5":6,"6":3},"b":{"0":[3,0],"1":[3,3],"2":[3,0],"3":[3,0],"4":[0,0],"5":[0,0],"6":[3,0],"7":[3,0],"8":[2,61],"9":[63,63,63],"10":[1,8],"11":[1,8],"12":[9,2,2],"13":[3,6],"14":[3,0],"15":[2,4],"16":[6,6,6],"17":[3,1],"18":[4,4],"19":[4,0],"20":[2,1]},"meta":{"lastBranch":21,"lastFunction":7,"lastStatement":49,"seen":{"s:20:24:28:Infinity":0,"s:30:22:30:Infinity":1,"s:32:24:32:Infinity":2,"s:34:21:34:Infinity":3,"s:35:27:35:Infinity":4,"f:37:9:37:32":0,"s:38:18:38:Infinity":5,"b:39:2:44:Infinity:undefined:undefined:undefined:undefined":0,"s:39:2:44:Infinity":6,"b:39:6:39:32:39:32:39:52":1,"s:40:18:40:Infinity":7,"b:41:4:43:Infinity:undefined:undefined:undefined:undefined":2,"s:41:4:43:Infinity":8,"s:42:6:42:Infinity":9,"b:42:13:42:50:42:50:42:Infinity":3,"s:45:19:45:Infinity":10,"b:46:2:48:Infinity:undefined:undefined:undefined:undefined":4,"s:46:2:48:Infinity":11,"s:47:4:47:Infinity":12,"b:47:11:47:47:47:47:47:Infinity":5,"s:49:2:49:Infinity":13,"f:52:9:52:23":1,"s:53:12:53:Infinity":14,"s:54:2:54:Infinity":15,"b:54:13:54:41:54:41:54:Infinity":6,"b:54:22:54:30:54:30:54:35":7,"f:57:16:57:40":2,"s:58:2:175:Infinity":16,"f:62:10:62:14":3,"s:63:34:63:Infinity":17,"s:64:18:64:Infinity":18,"s:65:22:65:Infinity":19,"s:67:50:67:Infinity":20,"s:68:6:71:Infinity":21,"s:69:20:69:Infinity":22,"s:70:8:70:Infinity":23,"s:73:45:76:Infinity":24,"f:73:61:73:70":4,"s:74:18:74:Infinity":25,"s:75:8:75:Infinity":26,"b:75:56:75:62:75:62:75:Infinity":8,"b:75:15:75:20:75:20:75:39:75:39:75:56":9,"b:78:6:97:Infinity:undefined:undefined:undefined:undefined":10,"s:78:6:97:Infinity":27,"s:79:8:96:Infinity":28,"s:99:21:104:Infinity":29,"s:106:6:133:Infinity":30,"s:107:24:107:Infinity":31,"s:108:14:108:Infinity":32,"b:109:8:130:Infinity:undefined:undefined:undefined:undefined":11,"s:109:8:130:Infinity":33,"b:109:12:109:36:109:36:109:59:109:59:109:75":12,"s:110:10:129:Infinity":34,"b:135:6:171:Infinity:undefined:undefined:undefined:undefined":13,"s:135:6:171:Infinity":35,"s:136:32:136:Infinity":36,"b:137:8:170:Infinity:undefined:undefined:undefined:undefined":14,"s:137:8:170:Infinity":37,"s:138:30:138:Infinity":38,"s:139:24:144:Infinity":39,"f:139:38:139:47":5,"s:140:22:140:Infinity":40,"b:141:12:141:Infinity:undefined:undefined:undefined:undefined":15,"s:141:12:141:Infinity":41,"b:141:16:141:22:141:22:141:40:141:40:141:57":16,"s:141:57:141:Infinity":42,"s:142:22:142:Infinity":43,"s:143:12:143:Infinity":44,"b:143:66:143:72:143:72:143:Infinity":17,"b:143:19:143:24:143:24:143:66":18,"b:143:33:143:41:143:41:143:46":19,"b:146:10:169:Infinity:undefined:undefined:undefined:undefined":20,"s:146:10:169:Infinity":45,"s:147:12:168:Infinity":46,"f:164:29:164:34":6,"s:164:41:164:88":47,"s:173:6:173:Infinity":48},"fnNames":{}}}
,"/home/corys/dev/sentinel/src/suites/ratelimit.ts": {"path":"/home/corys/dev/sentinel/src/suites/ratelimit.ts","statementMap":{"0":{"start":{"line":20,"column":27},"end":{"line":29,"column":null}},"1":{"start":{"line":31,"column":6},"end":{"line":31,"column":null}},"2":{"start":{"line":31,"column":30},"end":{"line":31,"column":null}},"3":{"start":{"line":31,"column":61},"end":{"line":31,"column":84}},"4":{"start":{"line":34,"column":2},"end":{"line":34,"column":null}},"5":{"start":{"line":34,"column":45},"end":{"line":34,"column":57}},"6":{"start":{"line":38,"column":2},"end":{"line":159,"column":null}},"7":{"start":{"line":43,"column":34},"end":{"line":43,"column":null}},"8":{"start":{"line":44,"column":18},"end":{"line":44,"column":null}},"9":{"start":{"line":47,"column":12},"end":{"line":47,"column":null}},"10":{"start":{"line":48,"column":28},"end":{"line":48,"column":null}},"11":{"start":{"line":50,"column":6},"end":{"line":56,"column":null}},"12":{"start":{"line":51,"column":20},"end":{"line":51,"column":null}},"13":{"start":{"line":52,"column":8},"end":{"line":55,"column":null}},"14":{"start":{"line":53,"column":10},"end":{"line":53,"column":null}},"15":{"start":{"line":54,"column":10},"end":{"line":54,"column":null}},"16":{"start":{"line":58,"column":6},"end":{"line":79,"column":null}},"17":{"start":{"line":59,"column":8},"end":{"line":78,"column":null}},"18":{"start":{"line":75,"column":72},"end":{"line":75,"column":78}},"19":{"start":{"line":84,"column":24},"end":{"line":84,"column":null}},"20":{"start":{"line":85,"column":25},"end":{"line":85,"column":null}},"21":{"start":{"line":86,"column":22},"end":{"line":86,"column":null}},"22":{"start":{"line":89,"column":37},"end":{"line":89,"column":null}},"23":{"start":{"line":91,"column":6},"end":{"line":96,"column":null}},"24":{"start":{"line":91,"column":19},"end":{"line":91,"column":22}},"25":{"start":{"line":92,"column":8},"end":{"line":92,"column":null}},"26":{"start":{"line":92,"column":19},"end":{"line":92,"column":null}},"27":{"start":{"line":93,"column":20},"end":{"line":93,"column":null}},"28":{"start":{"line":94,"column":8},"end":{"line":94,"column":null}},"29":{"start":{"line":95,"column":8},"end":{"line":95,"column":null}},"30":{"start":{"line":95,"column":32},"end":{"line":95,"column":null}},"31":{"start":{"line":98,"column":24},"end":{"line":98,"column":null}},"32":{"start":{"line":98,"column":42},"end":{"line":98,"column":58}},"33":{"start":{"line":99,"column":30},"end":{"line":99,"column":null}},"34":{"start":{"line":99,"column":48},"end":{"line":99,"column":78}},"35":{"start":{"line":101,"column":6},"end":{"line":155,"column":null}},"36":{"start":{"line":103,"column":8},"end":{"line":127,"column":null}},"37":{"start":{"line":104,"column":10},"end":{"line":126,"column":null}},"38":{"start":{"line":128,"column":13},"end":{"line":155,"column":null}},"39":{"start":{"line":131,"column":8},"end":{"line":154,"column":null}},"40":{"start":{"line":150,"column":39},"end":{"line":150,"column":47}},"41":{"start":{"line":157,"column":6},"end":{"line":157,"column":null}}},"fnMap":{"0":{"name":"(anonymous_0)","decl":{"start":{"line":31,"column":6},"end":{"line":31,"column":15}},"loc":{"start":{"line":31,"column":30},"end":{"line":31,"column":null}},"line":31},"1":{"name":"(anonymous_1)","decl":{"start":{"line":31,"column":34},"end":{"line":31,"column":49}},"loc":{"start":{"line":31,"column":61},"end":{"line":31,"column":84}},"line":31},"2":{"name":"hasRateLimitHeaders","decl":{"start":{"line":33,"column":9},"end":{"line":33,"column":29}},"loc":{"start":{"line":33,"column":71},"end":{"line":35,"column":null}},"line":33},"3":{"name":"(anonymous_3)","decl":{"start":{"line":34,"column":33},"end":{"line":34,"column":39}},"loc":{"start":{"line":34,"column":45},"end":{"line":34,"column":57}},"line":34},"4":{"name":"rateLimitSuite","decl":{"start":{"line":37,"column":16},"end":{"line":37,"column":40}},"loc":{"start":{"line":37,"column":40},"end":{"line":160,"column":null}},"line":37},"5":{"name":"run","decl":{"start":{"line":42,"column":10},"end":{"line":42,"column":14}},"loc":{"start":{"line":42,"column":39},"end":{"line":158,"column":null}},"line":42},"6":{"name":"(anonymous_6)","decl":{"start":{"line":75,"column":61},"end":{"line":75,"column":66}},"loc":{"start":{"line":75,"column":72},"end":{"line":75,"column":78}},"line":75},"7":{"name":"(anonymous_7)","decl":{"start":{"line":98,"column":30},"end":{"line":98,"column":36}},"loc":{"start":{"line":98,"column":42},"end":{"line":98,"column":58}},"line":98},"8":{"name":"(anonymous_8)","decl":{"start":{"line":99,"column":36},"end":{"line":99,"column":42}},"loc":{"start":{"line":99,"column":48},"end":{"line":99,"column":78}},"line":99},"9":{"name":"(anonymous_9)","decl":{"start":{"line":150,"column":28},"end":{"line":150,"column":33}},"loc":{"start":{"line":150,"column":39},"end":{"line":150,"column":47}},"line":150}},"branchMap":{"0":{"loc":{"start":{"line":52,"column":8},"end":{"line":55,"column":null}},"type":"if","locations":[{"start":{"line":52,"column":8},"end":{"line":55,"column":null}},{"start":{},"end":{}}],"line":52},"1":{"loc":{"start":{"line":58,"column":6},"end":{"line":79,"column":null}},"type":"if","locations":[{"start":{"line":58,"column":6},"end":{"line":79,"column":null}},{"start":{},"end":{}}],"line":58},"2":{"loc":{"start":{"line":84,"column":24},"end":{"line":84,"column":null}},"type":"binary-expr","locations":[{"start":{"line":84,"column":24},"end":{"line":84,"column":44}},{"start":{"line":84,"column":44},"end":{"line":84,"column":null}}],"line":84},"3":{"loc":{"start":{"line":92,"column":8},"end":{"line":92,"column":null}},"type":"if","locations":[{"start":{"line":92,"column":8},"end":{"line":92,"column":null}},{"start":{},"end":{}}],"line":92},"4":{"loc":{"start":{"line":95,"column":8},"end":{"line":95,"column":null}},"type":"if","locations":[{"start":{"line":95,"column":8},"end":{"line":95,"column":null}},{"start":{},"end":{}}],"line":95},"5":{"loc":{"start":{"line":101,"column":6},"end":{"line":155,"column":null}},"type":"if","locations":[{"start":{"line":101,"column":6},"end":{"line":155,"column":null}},{"start":{"line":128,"column":13},"end":{"line":155,"column":null}}],"line":101},"6":{"loc":{"start":{"line":103,"column":8},"end":{"line":127,"column":null}},"type":"if","locations":[{"start":{"line":103,"column":8},"end":{"line":127,"column":null}},{"start":{},"end":{}}],"line":103},"7":{"loc":{"start":{"line":128,"column":13},"end":{"line":155,"column":null}},"type":"if","locations":[{"start":{"line":128,"column":13},"end":{"line":155,"column":null}},{"start":{},"end":{}}],"line":128}},"s":{"0":2,"1":2,"2":11,"3":11,"4":30,"5":226,"6":10,"7":10,"8":10,"9":10,"10":10,"11":10,"12":11,"13":11,"14":1,"15":1,"16":10,"17":9,"18":10,"19":10,"20":10,"21":10,"22":10,"23":10,"24":10,"25":21,"26":11,"27":21,"28":21,"29":21,"30":4,"31":10,"32":21,"33":10,"34":19,"35":10,"36":4,"37":2,"38":6,"39":5,"40":13,"41":10},"f":{"0":11,"1":11,"2":30,"3":226,"4":10,"5":10,"6":10,"7":21,"8":19,"9":13},"b":{"0":[1,10],"1":[9,1],"2":[10,0],"3":[11,10],"4":[4,17],"5":[4,6],"6":[2,2],"7":[5,1]},"meta":{"lastBranch":8,"lastFunction":10,"lastStatement":42,"seen":{"s:20:27:29:Infinity":0,"s:31:6:31:Infinity":1,"f:31:6:31:15":0,"s:31:30:31:Infinity":2,"f:31:34:31:49":1,"s:31:61:31:84":3,"f:33:9:33:29":2,"s:34:2:34:Infinity":4,"f:34:33:34:39":3,"s:34:45:34:57":5,"f:37:16:37:40":4,"s:38:2:159:Infinity":6,"f:42:10:42:14":5,"s:43:34:43:Infinity":7,"s:44:18:44:Infinity":8,"s:47:12:47:Infinity":9,"s:48:28:48:Infinity":10,"s:50:6:56:Infinity":11,"s:51:20:51:Infinity":12,"b:52:8:55:Infinity:undefined:undefined:undefined:undefined":0,"s:52:8:55:Infinity":13,"s:53:10:53:Infinity":14,"s:54:10:54:Infinity":15,"b:58:6:79:Infinity:undefined:undefined:undefined:undefined":1,"s:58:6:79:Infinity":16,"s:59:8:78:Infinity":17,"f:75:61:75:66":6,"s:75:72:75:78":18,"s:84:24:84:Infinity":19,"b:84:24:84:44:84:44:84:Infinity":2,"s:85:25:85:Infinity":20,"s:86:22:86:Infinity":21,"s:89:37:89:Infinity":22,"s:91:6:96:Infinity":23,"s:91:19:91:22":24,"b:92:8:92:Infinity:undefined:undefined:undefined:undefined":3,"s:92:8:92:Infinity":25,"s:92:19:92:Infinity":26,"s:93:20:93:Infinity":27,"s:94:8:94:Infinity":28,"b:95:8:95:Infinity:undefined:undefined:undefined:undefined":4,"s:95:8:95:Infinity":29,"s:95:32:95:Infinity":30,"s:98:24:98:Infinity":31,"f:98:30:98:36":7,"s:98:42:98:58":32,"s:99:30:99:Infinity":33,"f:99:36:99:42":8,"s:99:48:99:78":34,"b:101:6:155:Infinity:128:13:155:Infinity":5,"s:101:6:155:Infinity":35,"b:103:8:127:Infinity:undefined:undefined:undefined:undefined":6,"s:103:8:127:Infinity":36,"s:104:10:126:Infinity":37,"b:128:13:155:Infinity:undefined:undefined:undefined:undefined":7,"s:128:13:155:Infinity":38,"s:131:8:154:Infinity":39,"f:150:28:150:33":9,"s:150:39:150:47":40,"s:157:6:157:Infinity":41},"fnNames":{}}}
,"/home/corys/dev/sentinel/test/helpers/fetchMock.ts": {"path":"/home/corys/dev/sentinel/test/helpers/fetchMock.ts","statementMap":{"0":{"start":{"line":10,"column":18},"end":{"line":10,"column":null}},"1":{"start":{"line":11,"column":2},"end":{"line":15,"column":null}},"2":{"start":{"line":13,"column":6},"end":{"line":13,"column":null}},"3":{"start":{"line":13,"column":36},"end":{"line":13,"column":null}},"4":{"start":{"line":19,"column":16},"end":{"line":19,"column":null}},"5":{"start":{"line":21,"column":20},"end":{"line":30,"column":null}},"6":{"start":{"line":22,"column":17},"end":{"line":22,"column":null}},"7":{"start":{"line":23,"column":4},"end":{"line":23,"column":null}},"8":{"start":{"line":23,"column":15},"end":{"line":23,"column":null}},"9":{"start":{"line":25,"column":4},"end":{"line":29,"column":null}},"10":{"start":{"line":28,"column":24},"end":{"line":28,"column":null}},"11":{"start":{"line":32,"column":2},"end":{"line":32,"column":null}},"12":{"start":{"line":33,"column":2},"end":{"line":33,"column":null}}},"fnMap":{"0":{"name":"makeHeaders","decl":{"start":{"line":9,"column":9},"end":{"line":9,"column":21}},"loc":{"start":{"line":9,"column":54},"end":{"line":16,"column":null}},"line":9},"1":{"name":"forEach","decl":{"start":{"line":12,"column":4},"end":{"line":12,"column":12}},"loc":{"start":{"line":12,"column":54},"end":{"line":14,"column":null}},"line":12},"2":{"name":"mockFetchQueue","decl":{"start":{"line":18,"column":16},"end":{"line":18,"column":31}},"loc":{"start":{"line":18,"column":65},"end":{"line":34,"column":null}},"line":18},"3":{"name":"(anonymous_3)","decl":{"start":{"line":21,"column":26},"end":{"line":21,"column":38}},"loc":{"start":{"line":21,"column":38},"end":{"line":30,"column":3}},"line":21},"4":{"name":"(anonymous_4)","decl":{"start":{"line":28,"column":12},"end":{"line":28,"column":24}},"loc":{"start":{"line":28,"column":24},"end":{"line":28,"column":null}},"line":28}},"branchMap":{"0":{"loc":{"start":{"line":23,"column":4},"end":{"line":23,"column":null}},"type":"if","locations":[{"start":{"line":23,"column":4},"end":{"line":23,"column":null}},{"start":{},"end":{}}],"line":23},"1":{"loc":{"start":{"line":27,"column":27},"end":{"line":27,"column":45}},"type":"binary-expr","locations":[{"start":{"line":27,"column":27},"end":{"line":27,"column":43}},{"start":{"line":27,"column":43},"end":{"line":27,"column":45}}],"line":27},"2":{"loc":{"start":{"line":28,"column":24},"end":{"line":28,"column":null}},"type":"binary-expr","locations":[{"start":{"line":28,"column":24},"end":{"line":28,"column":41}},{"start":{"line":28,"column":41},"end":{"line":28,"column":null}}],"line":28}},"s":{"0":147,"1":147,"2":147,"3":20,"4":37,"5":37,"6":147,"7":147,"8":0,"9":147,"10":147,"11":37,"12":37},"f":{"0":147,"1":147,"2":37,"3":147,"4":147},"b":{"0":[0,147],"1":[147,102],"2":[147,46]},"meta":{"lastBranch":3,"lastFunction":5,"lastStatement":13,"seen":{"f:9:9:9:21":0,"s:10:18:10:Infinity":0,"s:11:2:15:Infinity":1,"f:12:4:12:12":1,"s:13:6:13:Infinity":2,"s:13:36:13:Infinity":3,"f:18:16:18:31":2,"s:19:16:19:Infinity":4,"s:21:20:30:Infinity":5,"f:21:26:21:38":3,"s:22:17:22:Infinity":6,"b:23:4:23:Infinity:undefined:undefined:undefined:undefined":0,"s:23:4:23:Infinity":7,"s:23:15:23:Infinity":8,"s:25:4:29:Infinity":9,"b:27:27:27:43:27:43:27:45":1,"f:28:12:28:24":4,"s:28:24:28:Infinity":10,"b:28:24:28:41:28:41:28:Infinity":2,"s:32:2:32:Infinity":11,"s:33:2:33:Infinity":12},"fnNames":{}}}
,"/home/corys/dev/sentinel/test/helpers/makeConfig.ts": {"path":"/home/corys/dev/sentinel/test/helpers/makeConfig.ts","statementMap":{"0":{"start":{"line":10,"column":2},"end":{"line":33,"column":null}},"1":{"start":{"line":40,"column":17},"end":{"line":40,"column":null}},"2":{"start":{"line":41,"column":15},"end":{"line":41,"column":null}},"3":{"start":{"line":42,"column":2},"end":{"line":42,"column":null}}},"fnMap":{"0":{"name":"makeConfig","decl":{"start":{"line":6,"column":16},"end":{"line":6,"column":null}},"loc":{"start":{"line":9,"column":18},"end":{"line":34,"column":null}},"line":9},"1":{"name":"makeSuiteCtx","decl":{"start":{"line":36,"column":16},"end":{"line":36,"column":null}},"loc":{"start":{"line":39,"column":16},"end":{"line":43,"column":null}},"line":39}},"branchMap":{"0":{"loc":{"start":{"line":8,"column":2},"end":{"line":8,"column":null}},"type":"default-arg","locations":[{"start":{"line":8,"column":53},"end":{"line":8,"column":null}}],"line":8},"1":{"loc":{"start":{"line":16,"column":19},"end":{"line":16,"column":null}},"type":"cond-expr","locations":[{"start":{"line":16,"column":43},"end":{"line":16,"column":58}},{"start":{"line":16,"column":58},"end":{"line":16,"column":null}}],"line":16},"2":{"loc":{"start":{"line":37,"column":2},"end":{"line":37,"column":null}},"type":"default-arg","locations":[{"start":{"line":37,"column":20},"end":{"line":37,"column":null}}],"line":37},"3":{"loc":{"start":{"line":38,"column":2},"end":{"line":38,"column":null}},"type":"default-arg","locations":[{"start":{"line":38,"column":53},"end":{"line":38,"column":null}}],"line":38}},"s":{"0":38,"1":38,"2":38,"3":38},"f":{"0":38,"1":38},"b":{"0":[38],"1":[2,36],"2":[38],"3":[38]},"meta":{"lastBranch":4,"lastFunction":2,"lastStatement":4,"seen":{"f:6:16:6:Infinity":0,"b:8:53:8:Infinity":0,"s:10:2:33:Infinity":0,"b:16:43:16:58:16:58:16:Infinity":1,"f:36:16:36:Infinity":1,"b:37:20:37:Infinity":2,"b:38:53:38:Infinity":3,"s:40:17:40:Infinity":1,"s:41:15:41:Infinity":2,"s:42:2:42:Infinity":3},"fnNames":{}}}
}
